\section{Snowman: Temp$ = 0.2$, $r = 0.637556$, $d = 1.0$, pg}
\begin{figure}[H]
\begin{subfigure}{0.5\textwidth}
\centering
\includegraphics[width=\mywidth]{/Users/malcolm/scratch/make_d_1.0_pg/Snowman-0.2-0.637556-1.0-pg/order/0000400000}
\caption{Pre minimisation}
\end{subfigure}
\begin{subfigure}{0.5\textwidth}
\centering
\includegraphics[width=\mywidth]{/Users/malcolm/scratch/make_d_1.0_pg/Snowman-0.2-0.637556-1.0-pg/order/0000400105}
\caption{Post CG minimisation}
\end{subfigure}
\caption{Order Parameter}
\end{figure}
\begin{minipage}{\textwidth}
\begin{figure}[H]
\begin{subfigure}{0.5\textwidth}
\centering
\includegraphics[width=\mywidth]{/Users/malcolm/scratch/make_d_1.0_pg/Snowman-0.2-0.637556-1.0-pg/trj_contact/0000000000}
\caption{Initial Configuration}
\end{subfigure}
\begin{subfigure}{0.5\textwidth}
\centering
\includegraphics[width=\mywidth]{/Users/malcolm/scratch/make_d_1.0_pg/Snowman-0.2-0.637556-1.0-pg/trj_contact/0000400105}
\caption{Final Configuration}
\end{subfigure}
\caption{Configuration}
\end{figure}
\end{minipage}
\begin{minipage}{\textwidth}
\begin{figure}[H]
\begin{subfigure}{0.5\textwidth}
\centering
\includegraphics[width=\mywidth]{/Users/malcolm/scratch/make_d_1.0_pg/Snowman-0.2-0.637556-1.0-pg/trj_contact/0000000000-angles}
\caption{Initial Configuration}
\end{subfigure}
\begin{subfigure}{0.5\textwidth}
\centering
\includegraphics[width=\mywidth]{/Users/malcolm/scratch/make_d_1.0_pg/Snowman-0.2-0.637556-1.0-pg/trj_contact/0000400105-angles}
\caption{Final Configuration}
\end{subfigure}
\caption{Angle Distribution}
\end{figure}
\end{minipage}
\begin{minipage}{0.5\textwidth}
\begin{figure}[H]
\centering
\includegraphics[width=\mywidth]{/Users/malcolm/scratch/make_d_1.0_pg/Snowman-0.2-0.637556-1.0-pg/short_order}
\caption{Short Range Ordering}
\end{figure}
\end{minipage}
\begin{minipage}{0.5\textwidth}
\begin{figure}[H]
\centering
\includegraphics[width=\mywidth]{/Users/malcolm/scratch/make_d_1.0_pg/Snowman-0.2-0.637556-1.0-pg/msd}
\caption{Mean Squared Displacement}
\end{figure}
\end{minipage}
\begin{minipage}{0.5\textwidth}
\begin{figure}[H]
\centering
\includegraphics[width=\mywidth]{/Users/malcolm/scratch/make_d_1.0_pg/Snowman-0.2-0.637556-1.0-pg/rotation}
\caption{Rotational Relaxation}
\end{figure}
\end{minipage}
\begin{minipage}{0.5\textwidth}
\begin{figure}[H]
\centering
\includegraphics[width=\mywidth]{/Users/malcolm/scratch/make_d_1.0_pg/Snowman-0.2-0.637556-1.0-pg/histogram}
\caption{Contact Number}
\end{figure}
\end{minipage}
\begin{minipage}{0.5\textwidth}
\begin{figure}[H]
\centering
\includegraphics[width=\mywidth]{/Users/malcolm/scratch/make_d_1.0_pg/Snowman-0.2-0.637556-1.0-pg/props}
\caption{Properties}
\end{figure}
\end{minipage}
\begin{minipage}{0.5\textwidth}
\begin{tabular}{L{4cm} S[table-format=3.4e2]}
C1 Relaxation &  0
\\
C2 Relaxation &  0
\\
C3 Relaxation &  0
\\
C4 Relaxation &  0
\\
Diffusion Constant &  0.0001
\\
Average bond fraction &  0.9378
\\
Local Order &  0.3722
\\
Global Order &  0.5291
\\
Circle Order &  0.0000
\\
contacts &  1.0000
\\
neighbours &  0.6000
\\
pairing &  0.1667
\\
Density &  0.4841
\\
Total Energy &  0.4645
\\
Packing Fraction &  0.9882
\\
\end{tabular}
\captionof{table}{Data}
\end{minipage}

\section{Snowman: Temp$ = 0.3$, $r = 0.637556$, $d = 1.0$, pg}
\begin{figure}[H]
\begin{subfigure}{0.5\textwidth}
\centering
\includegraphics[width=\mywidth]{/Users/malcolm/scratch/make_d_1.0_pg/Snowman-0.3-0.637556-1.0-pg/order/0000400000}
\caption{Pre minimisation}
\end{subfigure}
\begin{subfigure}{0.5\textwidth}
\centering
\includegraphics[width=\mywidth]{/Users/malcolm/scratch/make_d_1.0_pg/Snowman-0.3-0.637556-1.0-pg/order/0000400146}
\caption{Post CG minimisation}
\end{subfigure}
\caption{Order Parameter}
\end{figure}
\begin{minipage}{\textwidth}
\begin{figure}[H]
\begin{subfigure}{0.5\textwidth}
\centering
\includegraphics[width=\mywidth]{/Users/malcolm/scratch/make_d_1.0_pg/Snowman-0.3-0.637556-1.0-pg/trj_contact/0000000000}
\caption{Initial Configuration}
\end{subfigure}
\begin{subfigure}{0.5\textwidth}
\centering
\includegraphics[width=\mywidth]{/Users/malcolm/scratch/make_d_1.0_pg/Snowman-0.3-0.637556-1.0-pg/trj_contact/0000400146}
\caption{Final Configuration}
\end{subfigure}
\caption{Configuration}
\end{figure}
\end{minipage}
\begin{minipage}{\textwidth}
\begin{figure}[H]
\begin{subfigure}{0.5\textwidth}
\centering
\includegraphics[width=\mywidth]{/Users/malcolm/scratch/make_d_1.0_pg/Snowman-0.3-0.637556-1.0-pg/trj_contact/0000000000-angles}
\caption{Initial Configuration}
\end{subfigure}
\begin{subfigure}{0.5\textwidth}
\centering
\includegraphics[width=\mywidth]{/Users/malcolm/scratch/make_d_1.0_pg/Snowman-0.3-0.637556-1.0-pg/trj_contact/0000400146-angles}
\caption{Final Configuration}
\end{subfigure}
\caption{Angle Distribution}
\end{figure}
\end{minipage}
\begin{minipage}{0.5\textwidth}
\begin{figure}[H]
\centering
\includegraphics[width=\mywidth]{/Users/malcolm/scratch/make_d_1.0_pg/Snowman-0.3-0.637556-1.0-pg/short_order}
\caption{Short Range Ordering}
\end{figure}
\end{minipage}
\begin{minipage}{0.5\textwidth}
\begin{figure}[H]
\centering
\includegraphics[width=\mywidth]{/Users/malcolm/scratch/make_d_1.0_pg/Snowman-0.3-0.637556-1.0-pg/msd}
\caption{Mean Squared Displacement}
\end{figure}
\end{minipage}
\begin{minipage}{0.5\textwidth}
\begin{figure}[H]
\centering
\includegraphics[width=\mywidth]{/Users/malcolm/scratch/make_d_1.0_pg/Snowman-0.3-0.637556-1.0-pg/rotation}
\caption{Rotational Relaxation}
\end{figure}
\end{minipage}
\begin{minipage}{0.5\textwidth}
\begin{figure}[H]
\centering
\includegraphics[width=\mywidth]{/Users/malcolm/scratch/make_d_1.0_pg/Snowman-0.3-0.637556-1.0-pg/histogram}
\caption{Contact Number}
\end{figure}
\end{minipage}
\begin{minipage}{0.5\textwidth}
\begin{figure}[H]
\centering
\includegraphics[width=\mywidth]{/Users/malcolm/scratch/make_d_1.0_pg/Snowman-0.3-0.637556-1.0-pg/props}
\caption{Properties}
\end{figure}
\end{minipage}
\begin{minipage}{0.5\textwidth}
\begin{tabular}{L{4cm} S[table-format=3.4e2]}
C1 Relaxation &  0
\\
C2 Relaxation &  0
\\
C3 Relaxation &  0
\\
C4 Relaxation &  0
\\
Diffusion Constant &  0.0004
\\
Average bond fraction &  0.9390
\\
Local Order &  0.3717
\\
Global Order &  0.5287
\\
Circle Order &  0.0000
\\
contacts &  1.0000
\\
neighbours &  0.6000
\\
pairing &  0.1667
\\
Density &  0.4829
\\
Total Energy &  0.4976
\\
Packing Fraction &  0.9856
\\
\end{tabular}
\captionof{table}{Data}
\end{minipage}

\section{Snowman: Temp$ = 0.4$, $r = 0.637556$, $d = 1.0$, pg}
\begin{figure}[H]
\begin{subfigure}{0.5\textwidth}
\centering
\includegraphics[width=\mywidth]{/Users/malcolm/scratch/make_d_1.0_pg/Snowman-0.4-0.637556-1.0-pg/order/0000400000}
\caption{Pre minimisation}
\end{subfigure}
\begin{subfigure}{0.5\textwidth}
\centering
\includegraphics[width=\mywidth]{/Users/malcolm/scratch/make_d_1.0_pg/Snowman-0.4-0.637556-1.0-pg/order/0000400146}
\caption{Post CG minimisation}
\end{subfigure}
\caption{Order Parameter}
\end{figure}
\begin{minipage}{\textwidth}
\begin{figure}[H]
\begin{subfigure}{0.5\textwidth}
\centering
\includegraphics[width=\mywidth]{/Users/malcolm/scratch/make_d_1.0_pg/Snowman-0.4-0.637556-1.0-pg/trj_contact/0000000000}
\caption{Initial Configuration}
\end{subfigure}
\begin{subfigure}{0.5\textwidth}
\centering
\includegraphics[width=\mywidth]{/Users/malcolm/scratch/make_d_1.0_pg/Snowman-0.4-0.637556-1.0-pg/trj_contact/0000400146}
\caption{Final Configuration}
\end{subfigure}
\caption{Configuration}
\end{figure}
\end{minipage}
\begin{minipage}{\textwidth}
\begin{figure}[H]
\begin{subfigure}{0.5\textwidth}
\centering
\includegraphics[width=\mywidth]{/Users/malcolm/scratch/make_d_1.0_pg/Snowman-0.4-0.637556-1.0-pg/trj_contact/0000000000-angles}
\caption{Initial Configuration}
\end{subfigure}
\begin{subfigure}{0.5\textwidth}
\centering
\includegraphics[width=\mywidth]{/Users/malcolm/scratch/make_d_1.0_pg/Snowman-0.4-0.637556-1.0-pg/trj_contact/0000400146-angles}
\caption{Final Configuration}
\end{subfigure}
\caption{Angle Distribution}
\end{figure}
\end{minipage}
\begin{minipage}{0.5\textwidth}
\begin{figure}[H]
\centering
\includegraphics[width=\mywidth]{/Users/malcolm/scratch/make_d_1.0_pg/Snowman-0.4-0.637556-1.0-pg/short_order}
\caption{Short Range Ordering}
\end{figure}
\end{minipage}
\begin{minipage}{0.5\textwidth}
\begin{figure}[H]
\centering
\includegraphics[width=\mywidth]{/Users/malcolm/scratch/make_d_1.0_pg/Snowman-0.4-0.637556-1.0-pg/msd}
\caption{Mean Squared Displacement}
\end{figure}
\end{minipage}
\begin{minipage}{0.5\textwidth}
\begin{figure}[H]
\centering
\includegraphics[width=\mywidth]{/Users/malcolm/scratch/make_d_1.0_pg/Snowman-0.4-0.637556-1.0-pg/rotation}
\caption{Rotational Relaxation}
\end{figure}
\end{minipage}
\begin{minipage}{0.5\textwidth}
\begin{figure}[H]
\centering
\includegraphics[width=\mywidth]{/Users/malcolm/scratch/make_d_1.0_pg/Snowman-0.4-0.637556-1.0-pg/histogram}
\caption{Contact Number}
\end{figure}
\end{minipage}
\begin{minipage}{0.5\textwidth}
\begin{figure}[H]
\centering
\includegraphics[width=\mywidth]{/Users/malcolm/scratch/make_d_1.0_pg/Snowman-0.4-0.637556-1.0-pg/props}
\caption{Properties}
\end{figure}
\end{minipage}
\begin{minipage}{0.5\textwidth}
\begin{tabular}{L{4cm} S[table-format=3.4e2]}
C1 Relaxation &  0
\\
C2 Relaxation &  0
\\
C3 Relaxation &  0
\\
C4 Relaxation &  0
\\
Diffusion Constant &  0.0007
\\
Average bond fraction &  0.9398
\\
Local Order &  0.3720
\\
Global Order &  0.5290
\\
Circle Order &  0.0000
\\
contacts &  1.0000
\\
neighbours &  0.6000
\\
pairing &  0.1667
\\
Density &  0.4821
\\
Total Energy &  0.5641
\\
Packing Fraction &  0.9840
\\
\end{tabular}
\captionof{table}{Data}
\end{minipage}

\section{Snowman: Temp$ = 0.5$, $r = 0.637556$, $d = 1.0$, pg}
\begin{figure}[H]
\begin{subfigure}{0.5\textwidth}
\centering
\includegraphics[width=\mywidth]{/Users/malcolm/scratch/make_d_1.0_pg/Snowman-0.5-0.637556-1.0-pg/order/0000400000}
\caption{Pre minimisation}
\end{subfigure}
\begin{subfigure}{0.5\textwidth}
\centering
\includegraphics[width=\mywidth]{/Users/malcolm/scratch/make_d_1.0_pg/Snowman-0.5-0.637556-1.0-pg/order/0000400200}
\caption{Post CG minimisation}
\end{subfigure}
\caption{Order Parameter}
\end{figure}
\begin{minipage}{\textwidth}
\begin{figure}[H]
\begin{subfigure}{0.5\textwidth}
\centering
\includegraphics[width=\mywidth]{/Users/malcolm/scratch/make_d_1.0_pg/Snowman-0.5-0.637556-1.0-pg/trj_contact/0000000000}
\caption{Initial Configuration}
\end{subfigure}
\begin{subfigure}{0.5\textwidth}
\centering
\includegraphics[width=\mywidth]{/Users/malcolm/scratch/make_d_1.0_pg/Snowman-0.5-0.637556-1.0-pg/trj_contact/0000400200}
\caption{Final Configuration}
\end{subfigure}
\caption{Configuration}
\end{figure}
\end{minipage}
\begin{minipage}{\textwidth}
\begin{figure}[H]
\begin{subfigure}{0.5\textwidth}
\centering
\includegraphics[width=\mywidth]{/Users/malcolm/scratch/make_d_1.0_pg/Snowman-0.5-0.637556-1.0-pg/trj_contact/0000000000-angles}
\caption{Initial Configuration}
\end{subfigure}
\begin{subfigure}{0.5\textwidth}
\centering
\includegraphics[width=\mywidth]{/Users/malcolm/scratch/make_d_1.0_pg/Snowman-0.5-0.637556-1.0-pg/trj_contact/0000400200-angles}
\caption{Final Configuration}
\end{subfigure}
\caption{Angle Distribution}
\end{figure}
\end{minipage}
\begin{minipage}{0.5\textwidth}
\begin{figure}[H]
\centering
\includegraphics[width=\mywidth]{/Users/malcolm/scratch/make_d_1.0_pg/Snowman-0.5-0.637556-1.0-pg/short_order}
\caption{Short Range Ordering}
\end{figure}
\end{minipage}
\begin{minipage}{0.5\textwidth}
\begin{figure}[H]
\centering
\includegraphics[width=\mywidth]{/Users/malcolm/scratch/make_d_1.0_pg/Snowman-0.5-0.637556-1.0-pg/msd}
\caption{Mean Squared Displacement}
\end{figure}
\end{minipage}
\begin{minipage}{0.5\textwidth}
\begin{figure}[H]
\centering
\includegraphics[width=\mywidth]{/Users/malcolm/scratch/make_d_1.0_pg/Snowman-0.5-0.637556-1.0-pg/rotation}
\caption{Rotational Relaxation}
\end{figure}
\end{minipage}
\begin{minipage}{0.5\textwidth}
\begin{figure}[H]
\centering
\includegraphics[width=\mywidth]{/Users/malcolm/scratch/make_d_1.0_pg/Snowman-0.5-0.637556-1.0-pg/histogram}
\caption{Contact Number}
\end{figure}
\end{minipage}
\begin{minipage}{0.5\textwidth}
\begin{figure}[H]
\centering
\includegraphics[width=\mywidth]{/Users/malcolm/scratch/make_d_1.0_pg/Snowman-0.5-0.637556-1.0-pg/props}
\caption{Properties}
\end{figure}
\end{minipage}
\begin{minipage}{0.5\textwidth}
\begin{tabular}{L{4cm} S[table-format=3.4e2]}
C1 Relaxation &  0
\\
C2 Relaxation &  0
\\
C3 Relaxation &  0
\\
C4 Relaxation &  0
\\
Diffusion Constant &  0.0012
\\
Average bond fraction &  0.9406
\\
Local Order &  0.3719
\\
Global Order &  0.5289
\\
Circle Order &  0.0000
\\
contacts &  1.0000
\\
neighbours &  0.6000
\\
pairing &  0.1667
\\
Density &  0.4810
\\
Total Energy &  0.6023
\\
Packing Fraction &  0.9818
\\
\end{tabular}
\captionof{table}{Data}
\end{minipage}

\section{Snowman: Temp$ = 0.6$, $r = 0.637556$, $d = 1.0$, pg}
\begin{figure}[H]
\begin{subfigure}{0.5\textwidth}
\centering
\includegraphics[width=\mywidth]{/Users/malcolm/scratch/make_d_1.0_pg/Snowman-0.6-0.637556-1.0-pg/order/0000400000}
\caption{Pre minimisation}
\end{subfigure}
\begin{subfigure}{0.5\textwidth}
\centering
\includegraphics[width=\mywidth]{/Users/malcolm/scratch/make_d_1.0_pg/Snowman-0.6-0.637556-1.0-pg/order/0000400250}
\caption{Post CG minimisation}
\end{subfigure}
\caption{Order Parameter}
\end{figure}
\begin{minipage}{\textwidth}
\begin{figure}[H]
\begin{subfigure}{0.5\textwidth}
\centering
\includegraphics[width=\mywidth]{/Users/malcolm/scratch/make_d_1.0_pg/Snowman-0.6-0.637556-1.0-pg/trj_contact/0000000000}
\caption{Initial Configuration}
\end{subfigure}
\begin{subfigure}{0.5\textwidth}
\centering
\includegraphics[width=\mywidth]{/Users/malcolm/scratch/make_d_1.0_pg/Snowman-0.6-0.637556-1.0-pg/trj_contact/0000400250}
\caption{Final Configuration}
\end{subfigure}
\caption{Configuration}
\end{figure}
\end{minipage}
\begin{minipage}{\textwidth}
\begin{figure}[H]
\begin{subfigure}{0.5\textwidth}
\centering
\includegraphics[width=\mywidth]{/Users/malcolm/scratch/make_d_1.0_pg/Snowman-0.6-0.637556-1.0-pg/trj_contact/0000000000-angles}
\caption{Initial Configuration}
\end{subfigure}
\begin{subfigure}{0.5\textwidth}
\centering
\includegraphics[width=\mywidth]{/Users/malcolm/scratch/make_d_1.0_pg/Snowman-0.6-0.637556-1.0-pg/trj_contact/0000400250-angles}
\caption{Final Configuration}
\end{subfigure}
\caption{Angle Distribution}
\end{figure}
\end{minipage}
\begin{minipage}{0.5\textwidth}
\begin{figure}[H]
\centering
\includegraphics[width=\mywidth]{/Users/malcolm/scratch/make_d_1.0_pg/Snowman-0.6-0.637556-1.0-pg/short_order}
\caption{Short Range Ordering}
\end{figure}
\end{minipage}
\begin{minipage}{0.5\textwidth}
\begin{figure}[H]
\centering
\includegraphics[width=\mywidth]{/Users/malcolm/scratch/make_d_1.0_pg/Snowman-0.6-0.637556-1.0-pg/msd}
\caption{Mean Squared Displacement}
\end{figure}
\end{minipage}
\begin{minipage}{0.5\textwidth}
\begin{figure}[H]
\centering
\includegraphics[width=\mywidth]{/Users/malcolm/scratch/make_d_1.0_pg/Snowman-0.6-0.637556-1.0-pg/rotation}
\caption{Rotational Relaxation}
\end{figure}
\end{minipage}
\begin{minipage}{0.5\textwidth}
\begin{figure}[H]
\centering
\includegraphics[width=\mywidth]{/Users/malcolm/scratch/make_d_1.0_pg/Snowman-0.6-0.637556-1.0-pg/histogram}
\caption{Contact Number}
\end{figure}
\end{minipage}
\begin{minipage}{0.5\textwidth}
\begin{figure}[H]
\centering
\includegraphics[width=\mywidth]{/Users/malcolm/scratch/make_d_1.0_pg/Snowman-0.6-0.637556-1.0-pg/props}
\caption{Properties}
\end{figure}
\end{minipage}
\begin{minipage}{0.5\textwidth}
\begin{tabular}{L{4cm} S[table-format=3.4e2]}
C1 Relaxation &  0
\\
C2 Relaxation &  0
\\
C3 Relaxation &  0
\\
C4 Relaxation &  0
\\
Diffusion Constant &  0.0014
\\
Average bond fraction &  0.9417
\\
Local Order &  0.3724
\\
Global Order &  0.5293
\\
Circle Order &  0.0000
\\
contacts &  1.0000
\\
neighbours &  0.6000
\\
pairing &  0.1667
\\
Density &  0.4799
\\
Total Energy &  0.6438
\\
Packing Fraction &  0.9795
\\
\end{tabular}
\captionof{table}{Data}
\end{minipage}

\section{Snowman: Temp$ = 0.8$, $r = 0.637556$, $d = 1.0$, pg}
\begin{figure}[H]
\begin{subfigure}{0.5\textwidth}
\centering
\includegraphics[width=\mywidth]{/Users/malcolm/scratch/make_d_1.0_pg/Snowman-0.8-0.637556-1.0-pg/order/0000400000}
\caption{Pre minimisation}
\end{subfigure}
\begin{subfigure}{0.5\textwidth}
\centering
\includegraphics[width=\mywidth]{/Users/malcolm/scratch/make_d_1.0_pg/Snowman-0.8-0.637556-1.0-pg/order/0000400223}
\caption{Post CG minimisation}
\end{subfigure}
\caption{Order Parameter}
\end{figure}
\begin{minipage}{\textwidth}
\begin{figure}[H]
\begin{subfigure}{0.5\textwidth}
\centering
\includegraphics[width=\mywidth]{/Users/malcolm/scratch/make_d_1.0_pg/Snowman-0.8-0.637556-1.0-pg/trj_contact/0000000000}
\caption{Initial Configuration}
\end{subfigure}
\begin{subfigure}{0.5\textwidth}
\centering
\includegraphics[width=\mywidth]{/Users/malcolm/scratch/make_d_1.0_pg/Snowman-0.8-0.637556-1.0-pg/trj_contact/0000400223}
\caption{Final Configuration}
\end{subfigure}
\caption{Configuration}
\end{figure}
\end{minipage}
\begin{minipage}{\textwidth}
\begin{figure}[H]
\begin{subfigure}{0.5\textwidth}
\centering
\includegraphics[width=\mywidth]{/Users/malcolm/scratch/make_d_1.0_pg/Snowman-0.8-0.637556-1.0-pg/trj_contact/0000000000-angles}
\caption{Initial Configuration}
\end{subfigure}
\begin{subfigure}{0.5\textwidth}
\centering
\includegraphics[width=\mywidth]{/Users/malcolm/scratch/make_d_1.0_pg/Snowman-0.8-0.637556-1.0-pg/trj_contact/0000400223-angles}
\caption{Final Configuration}
\end{subfigure}
\caption{Angle Distribution}
\end{figure}
\end{minipage}
\begin{minipage}{0.5\textwidth}
\begin{figure}[H]
\centering
\includegraphics[width=\mywidth]{/Users/malcolm/scratch/make_d_1.0_pg/Snowman-0.8-0.637556-1.0-pg/short_order}
\caption{Short Range Ordering}
\end{figure}
\end{minipage}
\begin{minipage}{0.5\textwidth}
\begin{figure}[H]
\centering
\includegraphics[width=\mywidth]{/Users/malcolm/scratch/make_d_1.0_pg/Snowman-0.8-0.637556-1.0-pg/msd}
\caption{Mean Squared Displacement}
\end{figure}
\end{minipage}
\begin{minipage}{0.5\textwidth}
\begin{figure}[H]
\centering
\includegraphics[width=\mywidth]{/Users/malcolm/scratch/make_d_1.0_pg/Snowman-0.8-0.637556-1.0-pg/rotation}
\caption{Rotational Relaxation}
\end{figure}
\end{minipage}
\begin{minipage}{0.5\textwidth}
\begin{figure}[H]
\centering
\includegraphics[width=\mywidth]{/Users/malcolm/scratch/make_d_1.0_pg/Snowman-0.8-0.637556-1.0-pg/histogram}
\caption{Contact Number}
\end{figure}
\end{minipage}
\begin{minipage}{0.5\textwidth}
\begin{figure}[H]
\centering
\includegraphics[width=\mywidth]{/Users/malcolm/scratch/make_d_1.0_pg/Snowman-0.8-0.637556-1.0-pg/props}
\caption{Properties}
\end{figure}
\end{minipage}
\begin{minipage}{0.5\textwidth}
\begin{tabular}{L{4cm} S[table-format=3.4e2]}
C1 Relaxation &  0
\\
C2 Relaxation &  0
\\
C3 Relaxation &  0
\\
C4 Relaxation &  0
\\
Diffusion Constant &  0.0019
\\
Average bond fraction &  0.9436
\\
Local Order &  0.3734
\\
Global Order &  0.5282
\\
Circle Order &  0.0031
\\
contacts &  0.9000
\\
neighbours &  0.6000
\\
pairing &  0.1664
\\
Density &  0.4778
\\
Total Energy &  0.7627
\\
Packing Fraction &  0.9753
\\
\end{tabular}
\captionof{table}{Data}
\end{minipage}

\section{Snowman: Temp$ = 1.0$, $r = 0.637556$, $d = 1.0$, pg}
\begin{figure}[H]
\begin{subfigure}{0.5\textwidth}
\centering
\includegraphics[width=\mywidth]{/Users/malcolm/scratch/make_d_1.0_pg/Snowman-1.0-0.637556-1.0-pg/order/0000400000}
\caption{Pre minimisation}
\end{subfigure}
\begin{subfigure}{0.5\textwidth}
\centering
\includegraphics[width=\mywidth]{/Users/malcolm/scratch/make_d_1.0_pg/Snowman-1.0-0.637556-1.0-pg/order/0000400480}
\caption{Post CG minimisation}
\end{subfigure}
\caption{Order Parameter}
\end{figure}
\begin{minipage}{\textwidth}
\begin{figure}[H]
\begin{subfigure}{0.5\textwidth}
\centering
\includegraphics[width=\mywidth]{/Users/malcolm/scratch/make_d_1.0_pg/Snowman-1.0-0.637556-1.0-pg/trj_contact/0000000000}
\caption{Initial Configuration}
\end{subfigure}
\begin{subfigure}{0.5\textwidth}
\centering
\includegraphics[width=\mywidth]{/Users/malcolm/scratch/make_d_1.0_pg/Snowman-1.0-0.637556-1.0-pg/trj_contact/0000400480}
\caption{Final Configuration}
\end{subfigure}
\caption{Configuration}
\end{figure}
\end{minipage}
\begin{minipage}{\textwidth}
\begin{figure}[H]
\begin{subfigure}{0.5\textwidth}
\centering
\includegraphics[width=\mywidth]{/Users/malcolm/scratch/make_d_1.0_pg/Snowman-1.0-0.637556-1.0-pg/trj_contact/0000000000-angles}
\caption{Initial Configuration}
\end{subfigure}
\begin{subfigure}{0.5\textwidth}
\centering
\includegraphics[width=\mywidth]{/Users/malcolm/scratch/make_d_1.0_pg/Snowman-1.0-0.637556-1.0-pg/trj_contact/0000400480-angles}
\caption{Final Configuration}
\end{subfigure}
\caption{Angle Distribution}
\end{figure}
\end{minipage}
\begin{minipage}{0.5\textwidth}
\begin{figure}[H]
\centering
\includegraphics[width=\mywidth]{/Users/malcolm/scratch/make_d_1.0_pg/Snowman-1.0-0.637556-1.0-pg/short_order}
\caption{Short Range Ordering}
\end{figure}
\end{minipage}
\begin{minipage}{0.5\textwidth}
\begin{figure}[H]
\centering
\includegraphics[width=\mywidth]{/Users/malcolm/scratch/make_d_1.0_pg/Snowman-1.0-0.637556-1.0-pg/msd}
\caption{Mean Squared Displacement}
\end{figure}
\end{minipage}
\begin{minipage}{0.5\textwidth}
\begin{figure}[H]
\centering
\includegraphics[width=\mywidth]{/Users/malcolm/scratch/make_d_1.0_pg/Snowman-1.0-0.637556-1.0-pg/rotation}
\caption{Rotational Relaxation}
\end{figure}
\end{minipage}
\begin{minipage}{0.5\textwidth}
\begin{figure}[H]
\centering
\includegraphics[width=\mywidth]{/Users/malcolm/scratch/make_d_1.0_pg/Snowman-1.0-0.637556-1.0-pg/histogram}
\caption{Contact Number}
\end{figure}
\end{minipage}
\begin{minipage}{0.5\textwidth}
\begin{figure}[H]
\centering
\includegraphics[width=\mywidth]{/Users/malcolm/scratch/make_d_1.0_pg/Snowman-1.0-0.637556-1.0-pg/props}
\caption{Properties}
\end{figure}
\end{minipage}
\begin{minipage}{0.5\textwidth}
\begin{tabular}{L{4cm} S[table-format=3.4e2]}
C1 Relaxation &  0
\\
C2 Relaxation &  0
\\
C3 Relaxation &  0
\\
C4 Relaxation &  0.659209
\\
Diffusion Constant &  0.0521
\\
Average bond fraction &  0.9411
\\
Local Order &  0.4938
\\
Global Order &  0.5001
\\
Circle Order &  0.1906
\\
contacts &  0.9000
\\
neighbours &  0.5000
\\
pairing &  0.1588
\\
Density &  0.4733
\\
Total Energy &  0.9418
\\
Packing Fraction &  0.9661
\\
\end{tabular}
\captionof{table}{Data}
\end{minipage}

\section{Snowman: Temp$ = 1.5$, $r = 0.637556$, $d = 1.0$, pg}
\begin{figure}[H]
\begin{subfigure}{0.5\textwidth}
\centering
\includegraphics[width=\mywidth]{/Users/malcolm/scratch/make_d_1.0_pg/Snowman-1.5-0.637556-1.0-pg/order/0000400000}
\caption{Pre minimisation}
\end{subfigure}
\begin{subfigure}{0.5\textwidth}
\centering
\includegraphics[width=\mywidth]{/Users/malcolm/scratch/make_d_1.0_pg/Snowman-1.5-0.637556-1.0-pg/order/0000400501}
\caption{Post CG minimisation}
\end{subfigure}
\caption{Order Parameter}
\end{figure}
\begin{minipage}{\textwidth}
\begin{figure}[H]
\begin{subfigure}{0.5\textwidth}
\centering
\includegraphics[width=\mywidth]{/Users/malcolm/scratch/make_d_1.0_pg/Snowman-1.5-0.637556-1.0-pg/trj_contact/0000000000}
\caption{Initial Configuration}
\end{subfigure}
\begin{subfigure}{0.5\textwidth}
\centering
\includegraphics[width=\mywidth]{/Users/malcolm/scratch/make_d_1.0_pg/Snowman-1.5-0.637556-1.0-pg/trj_contact/0000400501}
\caption{Final Configuration}
\end{subfigure}
\caption{Configuration}
\end{figure}
\end{minipage}
\begin{minipage}{\textwidth}
\begin{figure}[H]
\begin{subfigure}{0.5\textwidth}
\centering
\includegraphics[width=\mywidth]{/Users/malcolm/scratch/make_d_1.0_pg/Snowman-1.5-0.637556-1.0-pg/trj_contact/0000000000-angles}
\caption{Initial Configuration}
\end{subfigure}
\begin{subfigure}{0.5\textwidth}
\centering
\includegraphics[width=\mywidth]{/Users/malcolm/scratch/make_d_1.0_pg/Snowman-1.5-0.637556-1.0-pg/trj_contact/0000400501-angles}
\caption{Final Configuration}
\end{subfigure}
\caption{Angle Distribution}
\end{figure}
\end{minipage}
\begin{minipage}{0.5\textwidth}
\begin{figure}[H]
\centering
\includegraphics[width=\mywidth]{/Users/malcolm/scratch/make_d_1.0_pg/Snowman-1.5-0.637556-1.0-pg/short_order}
\caption{Short Range Ordering}
\end{figure}
\end{minipage}
\begin{minipage}{0.5\textwidth}
\begin{figure}[H]
\centering
\includegraphics[width=\mywidth]{/Users/malcolm/scratch/make_d_1.0_pg/Snowman-1.5-0.637556-1.0-pg/msd}
\caption{Mean Squared Displacement}
\end{figure}
\end{minipage}
\begin{minipage}{0.5\textwidth}
\begin{figure}[H]
\centering
\includegraphics[width=\mywidth]{/Users/malcolm/scratch/make_d_1.0_pg/Snowman-1.5-0.637556-1.0-pg/rotation}
\caption{Rotational Relaxation}
\end{figure}
\end{minipage}
\begin{minipage}{0.5\textwidth}
\begin{figure}[H]
\centering
\includegraphics[width=\mywidth]{/Users/malcolm/scratch/make_d_1.0_pg/Snowman-1.5-0.637556-1.0-pg/histogram}
\caption{Contact Number}
\end{figure}
\end{minipage}
\begin{minipage}{0.5\textwidth}
\begin{figure}[H]
\centering
\includegraphics[width=\mywidth]{/Users/malcolm/scratch/make_d_1.0_pg/Snowman-1.5-0.637556-1.0-pg/props}
\caption{Properties}
\end{figure}
\end{minipage}
\begin{minipage}{0.5\textwidth}
\begin{tabular}{L{4cm} S[table-format=3.4e2]}
C1 Relaxation &  0.249687
\\
C2 Relaxation &  0.169787
\\
C3 Relaxation &  0.209737
\\
C4 Relaxation &  0.1598
\\
Diffusion Constant &  0.1252
\\
Average bond fraction &  0.9463
\\
Local Order &  0.5033
\\
Global Order &  0.5008
\\
Circle Order &  0.1881
\\
contacts &  0.9000
\\
neighbours &  0.5000
\\
pairing &  0.1572
\\
Density &  0.4657
\\
Total Energy &  1.1372
\\
Packing Fraction &  0.9507
\\
\end{tabular}
\captionof{table}{Data}
\end{minipage}

\section{Snowman: Temp$ = 2.0$, $r = 0.637556$, $d = 1.0$, pg}
\begin{figure}[H]
\begin{subfigure}{0.5\textwidth}
\centering
\includegraphics[width=\mywidth]{/Users/malcolm/scratch/make_d_1.0_pg/Snowman-2.0-0.637556-1.0-pg/order/0000400000}
\caption{Pre minimisation}
\end{subfigure}
\begin{subfigure}{0.5\textwidth}
\centering
\includegraphics[width=\mywidth]{/Users/malcolm/scratch/make_d_1.0_pg/Snowman-2.0-0.637556-1.0-pg/order/0000400504}
\caption{Post CG minimisation}
\end{subfigure}
\caption{Order Parameter}
\end{figure}
\begin{minipage}{\textwidth}
\begin{figure}[H]
\begin{subfigure}{0.5\textwidth}
\centering
\includegraphics[width=\mywidth]{/Users/malcolm/scratch/make_d_1.0_pg/Snowman-2.0-0.637556-1.0-pg/trj_contact/0000000000}
\caption{Initial Configuration}
\end{subfigure}
\begin{subfigure}{0.5\textwidth}
\centering
\includegraphics[width=\mywidth]{/Users/malcolm/scratch/make_d_1.0_pg/Snowman-2.0-0.637556-1.0-pg/trj_contact/0000400504}
\caption{Final Configuration}
\end{subfigure}
\caption{Configuration}
\end{figure}
\end{minipage}
\begin{minipage}{\textwidth}
\begin{figure}[H]
\begin{subfigure}{0.5\textwidth}
\centering
\includegraphics[width=\mywidth]{/Users/malcolm/scratch/make_d_1.0_pg/Snowman-2.0-0.637556-1.0-pg/trj_contact/0000000000-angles}
\caption{Initial Configuration}
\end{subfigure}
\begin{subfigure}{0.5\textwidth}
\centering
\includegraphics[width=\mywidth]{/Users/malcolm/scratch/make_d_1.0_pg/Snowman-2.0-0.637556-1.0-pg/trj_contact/0000400504-angles}
\caption{Final Configuration}
\end{subfigure}
\caption{Angle Distribution}
\end{figure}
\end{minipage}
\begin{minipage}{0.5\textwidth}
\begin{figure}[H]
\centering
\includegraphics[width=\mywidth]{/Users/malcolm/scratch/make_d_1.0_pg/Snowman-2.0-0.637556-1.0-pg/short_order}
\caption{Short Range Ordering}
\end{figure}
\end{minipage}
\begin{minipage}{0.5\textwidth}
\begin{figure}[H]
\centering
\includegraphics[width=\mywidth]{/Users/malcolm/scratch/make_d_1.0_pg/Snowman-2.0-0.637556-1.0-pg/msd}
\caption{Mean Squared Displacement}
\end{figure}
\end{minipage}
\begin{minipage}{0.5\textwidth}
\begin{figure}[H]
\centering
\includegraphics[width=\mywidth]{/Users/malcolm/scratch/make_d_1.0_pg/Snowman-2.0-0.637556-1.0-pg/rotation}
\caption{Rotational Relaxation}
\end{figure}
\end{minipage}
\begin{minipage}{0.5\textwidth}
\begin{figure}[H]
\centering
\includegraphics[width=\mywidth]{/Users/malcolm/scratch/make_d_1.0_pg/Snowman-2.0-0.637556-1.0-pg/histogram}
\caption{Contact Number}
\end{figure}
\end{minipage}
\begin{minipage}{0.5\textwidth}
\begin{figure}[H]
\centering
\includegraphics[width=\mywidth]{/Users/malcolm/scratch/make_d_1.0_pg/Snowman-2.0-0.637556-1.0-pg/props}
\caption{Properties}
\end{figure}
\end{minipage}
\begin{minipage}{0.5\textwidth}
\begin{tabular}{L{4cm} S[table-format=3.4e2]}
C1 Relaxation &  0.199748
\\
C2 Relaxation &  0.0798993
\\
C3 Relaxation &  0.199748
\\
C4 Relaxation &  0.119849
\\
Diffusion Constant &  0.7822
\\
Average bond fraction &  0.9479
\\
Local Order &  0.5187
\\
Global Order &  0.5000
\\
Circle Order &  0.1517
\\
contacts &  0.9000
\\
neighbours &  0.5000
\\
pairing &  0.1575
\\
Density &  0.4592
\\
Total Energy &  1.5637
\\
Packing Fraction &  0.9372
\\
\end{tabular}
\captionof{table}{Data}
\end{minipage}

\section{Snowman: Temp$ = 2.5$, $r = 0.637556$, $d = 1.0$, pg}
\begin{figure}[H]
\begin{subfigure}{0.5\textwidth}
\centering
\includegraphics[width=\mywidth]{/Users/malcolm/scratch/make_d_1.0_pg/Snowman-2.5-0.637556-1.0-pg/order/0000400000}
\caption{Pre minimisation}
\end{subfigure}
\begin{subfigure}{0.5\textwidth}
\centering
\includegraphics[width=\mywidth]{/Users/malcolm/scratch/make_d_1.0_pg/Snowman-2.5-0.637556-1.0-pg/order/0000400504}
\caption{Post CG minimisation}
\end{subfigure}
\caption{Order Parameter}
\end{figure}
\begin{minipage}{\textwidth}
\begin{figure}[H]
\begin{subfigure}{0.5\textwidth}
\centering
\includegraphics[width=\mywidth]{/Users/malcolm/scratch/make_d_1.0_pg/Snowman-2.5-0.637556-1.0-pg/trj_contact/0000000000}
\caption{Initial Configuration}
\end{subfigure}
\begin{subfigure}{0.5\textwidth}
\centering
\includegraphics[width=\mywidth]{/Users/malcolm/scratch/make_d_1.0_pg/Snowman-2.5-0.637556-1.0-pg/trj_contact/0000400504}
\caption{Final Configuration}
\end{subfigure}
\caption{Configuration}
\end{figure}
\end{minipage}
\begin{minipage}{\textwidth}
\begin{figure}[H]
\begin{subfigure}{0.5\textwidth}
\centering
\includegraphics[width=\mywidth]{/Users/malcolm/scratch/make_d_1.0_pg/Snowman-2.5-0.637556-1.0-pg/trj_contact/0000000000-angles}
\caption{Initial Configuration}
\end{subfigure}
\begin{subfigure}{0.5\textwidth}
\centering
\includegraphics[width=\mywidth]{/Users/malcolm/scratch/make_d_1.0_pg/Snowman-2.5-0.637556-1.0-pg/trj_contact/0000400504-angles}
\caption{Final Configuration}
\end{subfigure}
\caption{Angle Distribution}
\end{figure}
\end{minipage}
\begin{minipage}{0.5\textwidth}
\begin{figure}[H]
\centering
\includegraphics[width=\mywidth]{/Users/malcolm/scratch/make_d_1.0_pg/Snowman-2.5-0.637556-1.0-pg/short_order}
\caption{Short Range Ordering}
\end{figure}
\end{minipage}
\begin{minipage}{0.5\textwidth}
\begin{figure}[H]
\centering
\includegraphics[width=\mywidth]{/Users/malcolm/scratch/make_d_1.0_pg/Snowman-2.5-0.637556-1.0-pg/msd}
\caption{Mean Squared Displacement}
\end{figure}
\end{minipage}
\begin{minipage}{0.5\textwidth}
\begin{figure}[H]
\centering
\includegraphics[width=\mywidth]{/Users/malcolm/scratch/make_d_1.0_pg/Snowman-2.5-0.637556-1.0-pg/rotation}
\caption{Rotational Relaxation}
\end{figure}
\end{minipage}
\begin{minipage}{0.5\textwidth}
\begin{figure}[H]
\centering
\includegraphics[width=\mywidth]{/Users/malcolm/scratch/make_d_1.0_pg/Snowman-2.5-0.637556-1.0-pg/histogram}
\caption{Contact Number}
\end{figure}
\end{minipage}
\begin{minipage}{0.5\textwidth}
\begin{figure}[H]
\centering
\includegraphics[width=\mywidth]{/Users/malcolm/scratch/make_d_1.0_pg/Snowman-2.5-0.637556-1.0-pg/props}
\caption{Properties}
\end{figure}
\end{minipage}
\begin{minipage}{0.5\textwidth}
\begin{tabular}{L{4cm} S[table-format=3.4e2]}
C1 Relaxation &  0.139824
\\
C2 Relaxation &  0.0798993
\\
C3 Relaxation &  0.0898867
\\
C4 Relaxation &  0.0599245
\\
Diffusion Constant &  0.8245
\\
Average bond fraction &  0.9529
\\
Local Order &  0.5104
\\
Global Order &  0.5002
\\
Circle Order &  0.1421
\\
contacts &  0.8000
\\
neighbours &  0.5000
\\
pairing &  0.1557
\\
Density &  0.4517
\\
Total Energy &  1.8485
\\
Packing Fraction &  0.9220
\\
\end{tabular}
\captionof{table}{Data}
\end{minipage}

\section{Snowman: Temp$ = 3.0$, $r = 0.637556$, $d = 1.0$, pg}
\begin{figure}[H]
\begin{subfigure}{0.5\textwidth}
\centering
\includegraphics[width=\mywidth]{/Users/malcolm/scratch/make_d_1.0_pg/Snowman-3.0-0.637556-1.0-pg/order/0000400000}
\caption{Pre minimisation}
\end{subfigure}
\begin{subfigure}{0.5\textwidth}
\centering
\includegraphics[width=\mywidth]{/Users/malcolm/scratch/make_d_1.0_pg/Snowman-3.0-0.637556-1.0-pg/order/0000400505}
\caption{Post CG minimisation}
\end{subfigure}
\caption{Order Parameter}
\end{figure}
\begin{minipage}{\textwidth}
\begin{figure}[H]
\begin{subfigure}{0.5\textwidth}
\centering
\includegraphics[width=\mywidth]{/Users/malcolm/scratch/make_d_1.0_pg/Snowman-3.0-0.637556-1.0-pg/trj_contact/0000000000}
\caption{Initial Configuration}
\end{subfigure}
\begin{subfigure}{0.5\textwidth}
\centering
\includegraphics[width=\mywidth]{/Users/malcolm/scratch/make_d_1.0_pg/Snowman-3.0-0.637556-1.0-pg/trj_contact/0000400505}
\caption{Final Configuration}
\end{subfigure}
\caption{Configuration}
\end{figure}
\end{minipage}
\begin{minipage}{\textwidth}
\begin{figure}[H]
\begin{subfigure}{0.5\textwidth}
\centering
\includegraphics[width=\mywidth]{/Users/malcolm/scratch/make_d_1.0_pg/Snowman-3.0-0.637556-1.0-pg/trj_contact/0000000000-angles}
\caption{Initial Configuration}
\end{subfigure}
\begin{subfigure}{0.5\textwidth}
\centering
\includegraphics[width=\mywidth]{/Users/malcolm/scratch/make_d_1.0_pg/Snowman-3.0-0.637556-1.0-pg/trj_contact/0000400505-angles}
\caption{Final Configuration}
\end{subfigure}
\caption{Angle Distribution}
\end{figure}
\end{minipage}
\begin{minipage}{0.5\textwidth}
\begin{figure}[H]
\centering
\includegraphics[width=\mywidth]{/Users/malcolm/scratch/make_d_1.0_pg/Snowman-3.0-0.637556-1.0-pg/short_order}
\caption{Short Range Ordering}
\end{figure}
\end{minipage}
\begin{minipage}{0.5\textwidth}
\begin{figure}[H]
\centering
\includegraphics[width=\mywidth]{/Users/malcolm/scratch/make_d_1.0_pg/Snowman-3.0-0.637556-1.0-pg/msd}
\caption{Mean Squared Displacement}
\end{figure}
\end{minipage}
\begin{minipage}{0.5\textwidth}
\begin{figure}[H]
\centering
\includegraphics[width=\mywidth]{/Users/malcolm/scratch/make_d_1.0_pg/Snowman-3.0-0.637556-1.0-pg/rotation}
\caption{Rotational Relaxation}
\end{figure}
\end{minipage}
\begin{minipage}{0.5\textwidth}
\begin{figure}[H]
\centering
\includegraphics[width=\mywidth]{/Users/malcolm/scratch/make_d_1.0_pg/Snowman-3.0-0.637556-1.0-pg/histogram}
\caption{Contact Number}
\end{figure}
\end{minipage}
\begin{minipage}{0.5\textwidth}
\begin{figure}[H]
\centering
\includegraphics[width=\mywidth]{/Users/malcolm/scratch/make_d_1.0_pg/Snowman-3.0-0.637556-1.0-pg/props}
\caption{Properties}
\end{figure}
\end{minipage}
\begin{minipage}{0.5\textwidth}
\begin{tabular}{L{4cm} S[table-format=3.4e2]}
C1 Relaxation &  0.0998739
\\
C2 Relaxation &  0.0299622
\\
C3 Relaxation &  0.049937
\\
C4 Relaxation &  0.0299622
\\
Diffusion Constant &  0.8313
\\
Average bond fraction &  0.9562
\\
Local Order &  0.5163
\\
Global Order &  0.5008
\\
Circle Order &  0.1283
\\
contacts &  0.8000
\\
neighbours &  0.5000
\\
pairing &  0.1544
\\
Density &  0.4462
\\
Total Energy &  2.1872
\\
Packing Fraction &  0.9108
\\
\end{tabular}
\captionof{table}{Data}
\end{minipage}

\section{Snowman: Temp$ = 4.0$, $r = 0.637556$, $d = 1.0$, pg}
\begin{figure}[H]
\begin{subfigure}{0.5\textwidth}
\centering
\includegraphics[width=\mywidth]{/Users/malcolm/scratch/make_d_1.0_pg/Snowman-4.0-0.637556-1.0-pg/order/0000400000}
\caption{Pre minimisation}
\end{subfigure}
\begin{subfigure}{0.5\textwidth}
\centering
\includegraphics[width=\mywidth]{/Users/malcolm/scratch/make_d_1.0_pg/Snowman-4.0-0.637556-1.0-pg/order/0000400465}
\caption{Post CG minimisation}
\end{subfigure}
\caption{Order Parameter}
\end{figure}
\begin{minipage}{\textwidth}
\begin{figure}[H]
\begin{subfigure}{0.5\textwidth}
\centering
\includegraphics[width=\mywidth]{/Users/malcolm/scratch/make_d_1.0_pg/Snowman-4.0-0.637556-1.0-pg/trj_contact/0000000000}
\caption{Initial Configuration}
\end{subfigure}
\begin{subfigure}{0.5\textwidth}
\centering
\includegraphics[width=\mywidth]{/Users/malcolm/scratch/make_d_1.0_pg/Snowman-4.0-0.637556-1.0-pg/trj_contact/0000400465}
\caption{Final Configuration}
\end{subfigure}
\caption{Configuration}
\end{figure}
\end{minipage}
\begin{minipage}{\textwidth}
\begin{figure}[H]
\begin{subfigure}{0.5\textwidth}
\centering
\includegraphics[width=\mywidth]{/Users/malcolm/scratch/make_d_1.0_pg/Snowman-4.0-0.637556-1.0-pg/trj_contact/0000000000-angles}
\caption{Initial Configuration}
\end{subfigure}
\begin{subfigure}{0.5\textwidth}
\centering
\includegraphics[width=\mywidth]{/Users/malcolm/scratch/make_d_1.0_pg/Snowman-4.0-0.637556-1.0-pg/trj_contact/0000400465-angles}
\caption{Final Configuration}
\end{subfigure}
\caption{Angle Distribution}
\end{figure}
\end{minipage}
\begin{minipage}{0.5\textwidth}
\begin{figure}[H]
\centering
\includegraphics[width=\mywidth]{/Users/malcolm/scratch/make_d_1.0_pg/Snowman-4.0-0.637556-1.0-pg/short_order}
\caption{Short Range Ordering}
\end{figure}
\end{minipage}
\begin{minipage}{0.5\textwidth}
\begin{figure}[H]
\centering
\includegraphics[width=\mywidth]{/Users/malcolm/scratch/make_d_1.0_pg/Snowman-4.0-0.637556-1.0-pg/msd}
\caption{Mean Squared Displacement}
\end{figure}
\end{minipage}
\begin{minipage}{0.5\textwidth}
\begin{figure}[H]
\centering
\includegraphics[width=\mywidth]{/Users/malcolm/scratch/make_d_1.0_pg/Snowman-4.0-0.637556-1.0-pg/rotation}
\caption{Rotational Relaxation}
\end{figure}
\end{minipage}
\begin{minipage}{0.5\textwidth}
\begin{figure}[H]
\centering
\includegraphics[width=\mywidth]{/Users/malcolm/scratch/make_d_1.0_pg/Snowman-4.0-0.637556-1.0-pg/histogram}
\caption{Contact Number}
\end{figure}
\end{minipage}
\begin{minipage}{0.5\textwidth}
\begin{figure}[H]
\centering
\includegraphics[width=\mywidth]{/Users/malcolm/scratch/make_d_1.0_pg/Snowman-4.0-0.637556-1.0-pg/props}
\caption{Properties}
\end{figure}
\end{minipage}
\begin{minipage}{0.5\textwidth}
\begin{tabular}{L{4cm} S[table-format=3.4e2]}
C1 Relaxation &  0.0599303
\\
C2 Relaxation &  0.0199768
\\
C3 Relaxation &  0.0499419
\\
C4 Relaxation &  0.0199768
\\
Diffusion Constant &  0.8125
\\
Average bond fraction &  0.9625
\\
Local Order &  0.5219
\\
Global Order &  0.5004
\\
Circle Order &  0.1131
\\
contacts &  0.8000
\\
neighbours &  0.5000
\\
pairing &  0.1526
\\
Density &  0.4349
\\
Total Energy &  2.9310
\\
Packing Fraction &  0.8878
\\
\end{tabular}
\captionof{table}{Data}
\end{minipage}

\section{Snowman: Temp$ = 5.0$, $r = 0.637556$, $d = 1.0$, pg}
\begin{figure}[H]
\begin{subfigure}{0.5\textwidth}
\centering
\includegraphics[width=\mywidth]{/Users/malcolm/scratch/make_d_1.0_pg/Snowman-5.0-0.637556-1.0-pg/order/0000400000}
\caption{Pre minimisation}
\end{subfigure}
\begin{subfigure}{0.5\textwidth}
\centering
\includegraphics[width=\mywidth]{/Users/malcolm/scratch/make_d_1.0_pg/Snowman-5.0-0.637556-1.0-pg/order/0000400492}
\caption{Post CG minimisation}
\end{subfigure}
\caption{Order Parameter}
\end{figure}
\begin{minipage}{\textwidth}
\begin{figure}[H]
\begin{subfigure}{0.5\textwidth}
\centering
\includegraphics[width=\mywidth]{/Users/malcolm/scratch/make_d_1.0_pg/Snowman-5.0-0.637556-1.0-pg/trj_contact/0000000000}
\caption{Initial Configuration}
\end{subfigure}
\begin{subfigure}{0.5\textwidth}
\centering
\includegraphics[width=\mywidth]{/Users/malcolm/scratch/make_d_1.0_pg/Snowman-5.0-0.637556-1.0-pg/trj_contact/0000400492}
\caption{Final Configuration}
\end{subfigure}
\caption{Configuration}
\end{figure}
\end{minipage}
\begin{minipage}{\textwidth}
\begin{figure}[H]
\begin{subfigure}{0.5\textwidth}
\centering
\includegraphics[width=\mywidth]{/Users/malcolm/scratch/make_d_1.0_pg/Snowman-5.0-0.637556-1.0-pg/trj_contact/0000000000-angles}
\caption{Initial Configuration}
\end{subfigure}
\begin{subfigure}{0.5\textwidth}
\centering
\includegraphics[width=\mywidth]{/Users/malcolm/scratch/make_d_1.0_pg/Snowman-5.0-0.637556-1.0-pg/trj_contact/0000400492-angles}
\caption{Final Configuration}
\end{subfigure}
\caption{Angle Distribution}
\end{figure}
\end{minipage}
\begin{minipage}{0.5\textwidth}
\begin{figure}[H]
\centering
\includegraphics[width=\mywidth]{/Users/malcolm/scratch/make_d_1.0_pg/Snowman-5.0-0.637556-1.0-pg/short_order}
\caption{Short Range Ordering}
\end{figure}
\end{minipage}
\begin{minipage}{0.5\textwidth}
\begin{figure}[H]
\centering
\includegraphics[width=\mywidth]{/Users/malcolm/scratch/make_d_1.0_pg/Snowman-5.0-0.637556-1.0-pg/msd}
\caption{Mean Squared Displacement}
\end{figure}
\end{minipage}
\begin{minipage}{0.5\textwidth}
\begin{figure}[H]
\centering
\includegraphics[width=\mywidth]{/Users/malcolm/scratch/make_d_1.0_pg/Snowman-5.0-0.637556-1.0-pg/rotation}
\caption{Rotational Relaxation}
\end{figure}
\end{minipage}
\begin{minipage}{0.5\textwidth}
\begin{figure}[H]
\centering
\includegraphics[width=\mywidth]{/Users/malcolm/scratch/make_d_1.0_pg/Snowman-5.0-0.637556-1.0-pg/histogram}
\caption{Contact Number}
\end{figure}
\end{minipage}
\begin{minipage}{0.5\textwidth}
\begin{figure}[H]
\centering
\includegraphics[width=\mywidth]{/Users/malcolm/scratch/make_d_1.0_pg/Snowman-5.0-0.637556-1.0-pg/props}
\caption{Properties}
\end{figure}
\end{minipage}
\begin{minipage}{0.5\textwidth}
\begin{tabular}{L{4cm} S[table-format=3.4e2]}
C1 Relaxation &  0.0499386
\\
C2 Relaxation &  0.00998772
\\
C3 Relaxation &  0.0599263
\\
C4 Relaxation &  0.0199754
\\
Diffusion Constant &  0.8331
\\
Average bond fraction &  0.9654
\\
Local Order &  0.5131
\\
Global Order &  0.5001
\\
Circle Order &  0.0858
\\
contacts &  0.8000
\\
neighbours &  0.5000
\\
pairing &  0.1504
\\
Density &  0.4246
\\
Total Energy &  3.7864
\\
Packing Fraction &  0.8666
\\
\end{tabular}
\captionof{table}{Data}
\end{minipage}

