This is pdfTeX, Version 3.14159265-2.6-1.40.15 (TeX Live 2014) (preloaded format=pdflatex)
 restricted \write18 enabled.
entering extended mode
(./present.tex
LaTeX2e <2014/05/01>
Babel <3.9k> and hyphenation patterns for 78 languages loaded.
(/usr/local/texlive/2014/texmf-dist/tex/latex/base/article.cls
Document Class: article 2007/10/19 v1.4h Standard LaTeX document class
(/usr/local/texlive/2014/texmf-dist/tex/latex/base/size12.clo))
(/usr/local/texlive/2014/texmf-dist/tex/latex/preprint/fullpage.sty)
(/usr/local/texlive/2014/texmf-dist/tex/latex/graphics/graphicx.sty
(/usr/local/texlive/2014/texmf-dist/tex/latex/graphics/keyval.sty)
(/usr/local/texlive/2014/texmf-dist/tex/latex/graphics/graphics.sty
(/usr/local/texlive/2014/texmf-dist/tex/latex/graphics/trig.sty)
(/usr/local/texlive/2014/texmf-dist/tex/latex/latexconfig/graphics.cfg)
(/usr/local/texlive/2014/texmf-dist/tex/latex/pdftex-def/pdftex.def
(/usr/local/texlive/2014/texmf-dist/tex/generic/oberdiek/infwarerr.sty)
(/usr/local/texlive/2014/texmf-dist/tex/generic/oberdiek/ltxcmds.sty))))
(/usr/local/texlive/2014/texmf-dist/tex/latex/amsmath/amsmath.sty
For additional information on amsmath, use the `?' option.
(/usr/local/texlive/2014/texmf-dist/tex/latex/amsmath/amstext.sty
(/usr/local/texlive/2014/texmf-dist/tex/latex/amsmath/amsgen.sty))
(/usr/local/texlive/2014/texmf-dist/tex/latex/amsmath/amsbsy.sty)
(/usr/local/texlive/2014/texmf-dist/tex/latex/amsmath/amsopn.sty))
(/usr/local/texlive/2014/texmf-dist/tex/latex/python/python.sty)
(/usr/local/texlive/2014/texmf-dist/tex/latex/caption/caption.sty
(/usr/local/texlive/2014/texmf-dist/tex/latex/caption/caption3.sty))
(/usr/local/texlive/2014/texmf-dist/tex/latex/caption/subcaption.sty)
(/usr/local/texlive/2014/texmf-dist/tex/latex/float/float.sty)
(/usr/local/texlive/2014/texmf-dist/tex/latex/siunitx/siunitx.sty
(/usr/local/texlive/2014/texmf-dist/tex/latex/l3kernel/expl3.sty
(/usr/local/texlive/2014/texmf-dist/tex/generic/oberdiek/ifpdf.sty)
(/usr/local/texlive/2014/texmf-dist/tex/latex/l3kernel/expl3-code.tex
(/usr/local/texlive/2014/texmf-dist/tex/latex/etex-pkg/etex.sty)))
(/usr/local/texlive/2014/texmf-dist/tex/latex/l3packages/xparse/xparse.sty)
(/usr/local/texlive/2014/texmf-dist/tex/latex/tools/array.sty)
(/usr/local/texlive/2014/texmf-dist/tex/latex/l3packages/l3keys2e/l3keys2e.sty)
(/usr/local/texlive/2014/texmf-dist/tex/latex/beamer/translator/translator.sty
(/usr/local/texlive/2014/texmf-dist/tex/latex/beamer/translator/translator-lang
uage-mappings.tex)))
(/usr/local/texlive/2014/texmf-dist/tex/latex/tools/tabularx.sty)
(./present.aux)
(/usr/local/texlive/2014/texmf-dist/tex/context/base/supp-pdf.mkii
[Loading MPS to PDF converter (version 2006.09.02).]
) (/usr/local/texlive/2014/texmf-dist/tex/generic/oberdiek/pdftexcmds.sty
(/usr/local/texlive/2014/texmf-dist/tex/generic/oberdiek/ifluatex.sty))
(/usr/local/texlive/2014/texmf-dist/tex/latex/oberdiek/epstopdf-base.sty
(/usr/local/texlive/2014/texmf-dist/tex/latex/oberdiek/grfext.sty
(/usr/local/texlive/2014/texmf-dist/tex/generic/oberdiek/kvdefinekeys.sty))
(/usr/local/texlive/2014/texmf-dist/tex/latex/oberdiek/kvoptions.sty
(/usr/local/texlive/2014/texmf-dist/tex/generic/oberdiek/kvsetkeys.sty
(/usr/local/texlive/2014/texmf-dist/tex/generic/oberdiek/etexcmds.sty)))
(/usr/local/texlive/2014/texmf-dist/tex/latex/latexconfig/epstopdf-sys.cfg))
(/usr/local/texlive/2014/texmf-dist/tex/latex/beamer/translator/dicts/translato
r-basic-dictionary/translator-basic-dictionary-English.dict)
(/usr/local/texlive/2014/texmf-dist/tex/latex/siunitx/config/siunitx-abbreviati
ons.cfg) (./present.out
</Users/malcolm/scratch/make_crys/Snowman-0.2-0.637556-1.0/order/0000001400.png
, id=1, 602.25pt x 602.25pt>
<use /Users/malcolm/scratch/make_crys/Snowman-0.2-0.637556-1.0/order/0000001400
.png>
</Users/malcolm/scratch/make_crys/Snowman-0.2-0.637556-1.0/order/0000001500.png
, id=3, 602.25pt x 602.25pt>
<use /Users/malcolm/scratch/make_crys/Snowman-0.2-0.637556-1.0/order/0000001500
.png>
Overfull \hbox (2.61107pt too wide) in paragraph at lines 2--12
[]$[]$ $[]$ 

</Users/malcolm/scratch/make_crys/Snowman-0.2-0.637556-1.0/short_order.png, id=
4, 602.25pt x 602.25pt>
<use /Users/malcolm/scratch/make_crys/Snowman-0.2-0.637556-1.0/short_order.png>

Underfull \hbox (badness 1248) in paragraph at lines 18--18
[]\OT1/cmr/m/n/12 Figure 2: |Snow-man: Temp$= 0\OML/cmm/m/it/12 :\OT1/cmr/m/n/1
2 2$, $\OML/cmm/m/it/12 r \OT1/cmr/m/n/12 =

</Users/malcolm/scratch/make_crys/Snowman-0.2-0.637556-1.0/msd.png, id=5, 602.2
5pt x 602.25pt>
<use /Users/malcolm/scratch/make_crys/Snowman-0.2-0.637556-1.0/msd.png>
Underfull \hbox (badness 1248) in paragraph at lines 25--25
[]\OT1/cmr/m/n/12 Figure 3: |Snow-man: Temp$= 0\OML/cmm/m/it/12 :\OT1/cmr/m/n/1
2 2$, $\OML/cmm/m/it/12 r \OT1/cmr/m/n/12 =

</Users/malcolm/scratch/make_crys/Snowman-0.2-0.637556-1.0/rotation.png, id=6, 
602.25pt x 602.25pt>
<use /Users/malcolm/scratch/make_crys/Snowman-0.2-0.637556-1.0/rotation.png>
Underfull \hbox (badness 1248) in paragraph at lines 32--32
[]\OT1/cmr/m/n/12 Figure 4: |Snow-man: Temp$= 0\OML/cmm/m/it/12 :\OT1/cmr/m/n/1
2 2$, $\OML/cmm/m/it/12 r \OT1/cmr/m/n/12 =

</Users/malcolm/scratch/make_crys/Snowman-0.2-0.637556-1.0/histogram.png, id=7,
 481.8pt x 361.35pt>
<use /Users/malcolm/scratch/make_crys/Snowman-0.2-0.637556-1.0/histogram.png>
Underfull \hbox (badness 1248) in paragraph at lines 39--39
[]\OT1/cmr/m/n/12 Figure 5: |Snow-man: Temp$= 0\OML/cmm/m/it/12 :\OT1/cmr/m/n/1
2 2$, $\OML/cmm/m/it/12 r \OT1/cmr/m/n/12 =

</Users/malcolm/scratch/make_crys/Snowman-0.2-0.637556-1.0/props.png, id=8, 602
.25pt x 602.25pt>
<use /Users/malcolm/scratch/make_crys/Snowman-0.2-0.637556-1.0/props.png>
Underfull \hbox (badness 1248) in paragraph at lines 46--46
[]\OT1/cmr/m/n/12 Figure 6: |Snow-man: Temp$= 0\OML/cmm/m/it/12 :\OT1/cmr/m/n/1
2 2$, $\OML/cmm/m/it/12 r \OT1/cmr/m/n/12 =

<use /Users/malcolm/scratch/make_crys/Snowman-0.2-0.637556-1.0/order/0000001400
.png>
<use /Users/malcolm/scratch/make_crys/Snowman-0.2-0.637556-1.0/order/0000001500
.png>
Overfull \hbox (2.61107pt too wide) in paragraph at lines 74--84
[]$[]$ $[]$ 

Overfull \hbox (20.23589pt too wide) in paragraph at lines 14--85
[]$[]$ $[]$

Overfull \hbox (2.61107pt too wide) in paragraph at lines 14--85
[]$ $[]$

Overfull \hbox (2.61107pt too wide) in paragraph at lines 14--85
[]$ $[]$ 
[1{/usr/local/texlive/2014/texmf-var/fonts/map/pdftex/updmap/pdftex.map} </User
s/malcolm/scratch/make_crys/Snowman-0.2-0.637556-1.0/order/0000001400.png> </Us
ers/malcolm/scratch/make_crys/Snowman-0.2-0.637556-1.0/order/0000001500.png> </
Users/malcolm/scratch/make_crys/Snowman-0.2-0.637556-1.0/short_order.png> </Use
rs/malcolm/scratch/make_crys/Snowman-0.2-0.637556-1.0/msd.png (PNG copy)>]
[2 </Users/malcolm/scratch/make_crys/Snowman-0.2-0.637556-1.0/rotation.png (PNG
 copy)> </Users/malcolm/scratch/make_crys/Snowman-0.2-0.637556-1.0/histogram.pn
g> </Users/malcolm/scratch/make_crys/Snowman-0.2-0.637556-1.0/props.png (PNG co
py)>]
<use /Users/malcolm/scratch/make_crys/Snowman-0.2-0.637556-1.0/short_order.png>

Underfull \hbox (badness 1248) in paragraph at lines 90--90
[]\OT1/cmr/m/n/12 Figure 8: |Snow-man: Temp$= 0\OML/cmm/m/it/12 :\OT1/cmr/m/n/1
2 2$, $\OML/cmm/m/it/12 r \OT1/cmr/m/n/12 =
<use /Users/malcolm/scratch/make_crys/Snowman-0.2-0.637556-1.0/msd.png>
Underfull \hbox (badness 1248) in paragraph at lines 97--97
[]\OT1/cmr/m/n/12 Figure 9: |Snow-man: Temp$= 0\OML/cmm/m/it/12 :\OT1/cmr/m/n/1
2 2$, $\OML/cmm/m/it/12 r \OT1/cmr/m/n/12 =
<use /Users/malcolm/scratch/make_crys/Snowman-0.2-0.637556-1.0/rotation.png>
<use /Users/malcolm/scratch/make_crys/Snowman-0.2-0.637556-1.0/histogram.png>
<use /Users/malcolm/scratch/make_crys/Snowman-0.2-0.637556-1.0/props.png>
<use /Users/malcolm/scratch/make_crys/Snowman-0.2-0.637556-1.0/order/0000001400
.png>
<use /Users/malcolm/scratch/make_crys/Snowman-0.2-0.637556-1.0/order/0000001500
.png>
Overfull \hbox (2.61107pt too wide) in paragraph at lines 146--156
[]$[]$ $[]$ 

Overfull \hbox (20.23589pt too wide) in paragraph at lines 86--157
[]$[]$ $[]$

Overfull \hbox (2.61107pt too wide) in paragraph at lines 86--157
[]$ $[]$

Overfull \hbox (2.61107pt too wide) in paragraph at lines 86--157
[]$ $[]$ 
[3] [4]
<use /Users/malcolm/scratch/make_crys/Snowman-0.2-0.637556-1.0/short_order.png>
<use /Users/malcolm/scratch/make_crys/Snowman-0.2-0.637556-1.0/msd.png>
<use /Users/malcolm/scratch/make_crys/Snowman-0.2-0.637556-1.0/rotation.png>
<use /Users/malcolm/scratch/make_crys/Snowman-0.2-0.637556-1.0/histogram.png>
<use /Users/malcolm/scratch/make_crys/Snowman-0.2-0.637556-1.0/props.png>
<use /Users/malcolm/scratch/make_crys/Snowman-0.2-0.637556-1.0/order/0000001400
.png>
<use /Users/malcolm/scratch/make_crys/Snowman-0.2-0.637556-1.0/order/0000001500
.png>
Overfull \hbox (2.61107pt too wide) in paragraph at lines 218--228
[]$[]$ $[]$ 

Overfull \hbox (20.23589pt too wide) in paragraph at lines 158--229
[]$[]$ $[]$

Overfull \hbox (2.61107pt too wide) in paragraph at lines 158--229
[]$ $[]$

Overfull \hbox (2.61107pt too wide) in paragraph at lines 158--229
[]$ $[]$ 
[5] [6]
<use /Users/malcolm/scratch/make_crys/Snowman-0.2-0.637556-1.0/short_order.png>
<use /Users/malcolm/scratch/make_crys/Snowman-0.2-0.637556-1.0/msd.png>
<use /Users/malcolm/scratch/make_crys/Snowman-0.2-0.637556-1.0/rotation.png>
<use /Users/malcolm/scratch/make_crys/Snowman-0.2-0.637556-1.0/histogram.png>
<use /Users/malcolm/scratch/make_crys/Snowman-0.2-0.637556-1.0/props.png>
<use /Users/malcolm/scratch/make_crys/Snowman-0.2-0.637556-1.0/order/0000001400
.png>
<use /Users/malcolm/scratch/make_crys/Snowman-0.2-0.637556-1.0/order/0000001500
.png>
Overfull \hbox (2.61107pt too wide) in paragraph at lines 290--300
[]$[]$ $[]$ 

Overfull \hbox (20.23589pt too wide) in paragraph at lines 230--301
[]$[]$ $[]$

Overfull \hbox (2.61107pt too wide) in paragraph at lines 230--301
[]$ $[]$

Overfull \hbox (2.61107pt too wide) in paragraph at lines 230--301
[]$ $[]$ 
[7] [8]
<use /Users/malcolm/scratch/make_crys/Snowman-0.2-0.637556-1.0/short_order.png>
<use /Users/malcolm/scratch/make_crys/Snowman-0.2-0.637556-1.0/msd.png>
<use /Users/malcolm/scratch/make_crys/Snowman-0.2-0.637556-1.0/rotation.png>
<use /Users/malcolm/scratch/make_crys/Snowman-0.2-0.637556-1.0/histogram.png>
<use /Users/malcolm/scratch/make_crys/Snowman-0.2-0.637556-1.0/props.png>
</Users/malcolm/scratch/make_crys/Snowman-0.2-0.637556-1.637556/order/000000100
0.png, id=43, 602.25pt x 602.25pt>
<use /Users/malcolm/scratch/make_crys/Snowman-0.2-0.637556-1.637556/order/00000
01000.png>
</Users/malcolm/scratch/make_crys/Snowman-0.2-0.637556-1.637556/order/000000106
4.png, id=44, 602.25pt x 602.25pt>
<use /Users/malcolm/scratch/make_crys/Snowman-0.2-0.637556-1.637556/order/00000
01064.png>
Overfull \hbox (2.61107pt too wide) in paragraph at lines 362--372
[]$[]$ $[]$ 

Overfull \hbox (20.23589pt too wide) in paragraph at lines 302--373
[]$[]$ $[]$

Overfull \hbox (2.61107pt too wide) in paragraph at lines 302--373
[]$ $[]$

Overfull \hbox (2.61107pt too wide) in paragraph at lines 302--373
[]$ $[]$ 
[9] [10]
</Users/malcolm/scratch/make_crys/Snowman-0.2-0.637556-1.637556/short_order.png
, id=51, 602.25pt x 602.25pt>
<use /Users/malcolm/scratch/make_crys/Snowman-0.2-0.637556-1.637556/short_order
.png>
</Users/malcolm/scratch/make_crys/Snowman-0.2-0.637556-1.637556/msd.png, id=52,
 602.25pt x 602.25pt>
<use /Users/malcolm/scratch/make_crys/Snowman-0.2-0.637556-1.637556/msd.png>
</Users/malcolm/scratch/make_crys/Snowman-0.2-0.637556-1.637556/rotation.png, i
d=53, 602.25pt x 602.25pt>
<use /Users/malcolm/scratch/make_crys/Snowman-0.2-0.637556-1.637556/rotation.pn
g>
</Users/malcolm/scratch/make_crys/Snowman-0.2-0.637556-1.637556/histogram.png, 
id=54, 481.8pt x 361.35pt>
<use /Users/malcolm/scratch/make_crys/Snowman-0.2-0.637556-1.637556/histogram.p
ng>
</Users/malcolm/scratch/make_crys/Snowman-0.2-0.637556-1.637556/props.png, id=5
5, 602.25pt x 602.25pt>
<use /Users/malcolm/scratch/make_crys/Snowman-0.2-0.637556-1.637556/props.png>
<use /Users/malcolm/scratch/make_crys/Snowman-0.2-0.637556-1.637556/order/00000
01000.png>
<use /Users/malcolm/scratch/make_crys/Snowman-0.2-0.637556-1.637556/order/00000
01064.png>
Overfull \hbox (2.61107pt too wide) in paragraph at lines 434--444
[]$[]$ $[]$ 

Overfull \hbox (20.23589pt too wide) in paragraph at lines 374--445
[]$[]$ $[]$

Overfull \hbox (2.61107pt too wide) in paragraph at lines 374--445
[]$ $[]$

Overfull \hbox (2.61107pt too wide) in paragraph at lines 374--445
[]$ $[]$ 
[11 </Users/malcolm/scratch/make_crys/Snowman-0.2-0.637556-1.637556/order/00000
01000.png> </Users/malcolm/scratch/make_crys/Snowman-0.2-0.637556-1.637556/orde
r/0000001064.png> </Users/malcolm/scratch/make_crys/Snowman-0.2-0.637556-1.6375
56/short_order.png> </Users/malcolm/scratch/make_crys/Snowman-0.2-0.637556-1.63
7556/msd.png (PNG copy)>] [12 </Users/malcolm/scratch/make_crys/Snowman-0.2-0.6
37556-1.637556/rotation.png (PNG copy)> </Users/malcolm/scratch/make_crys/Snowm
an-0.2-0.637556-1.637556/histogram.png> </Users/malcolm/scratch/make_crys/Snowm
an-0.2-0.637556-1.637556/props.png (PNG copy)>]
<use /Users/malcolm/scratch/make_crys/Snowman-0.2-0.637556-1.637556/short_order
.png>
<use /Users/malcolm/scratch/make_crys/Snowman-0.2-0.637556-1.637556/msd.png>
<use /Users/malcolm/scratch/make_crys/Snowman-0.2-0.637556-1.637556/rotation.pn
g>
<use /Users/malcolm/scratch/make_crys/Snowman-0.2-0.637556-1.637556/histogram.p
ng>
<use /Users/malcolm/scratch/make_crys/Snowman-0.2-0.637556-1.637556/props.png>
<use /Users/malcolm/scratch/make_crys/Snowman-0.2-0.637556-1.637556/order/00000
01000.png>
<use /Users/malcolm/scratch/make_crys/Snowman-0.2-0.637556-1.637556/order/00000
01064.png>
Overfull \hbox (2.61107pt too wide) in paragraph at lines 506--516
[]$[]$ $[]$ 

Overfull \hbox (20.23589pt too wide) in paragraph at lines 446--517
[]$[]$ $[]$

Overfull \hbox (2.61107pt too wide) in paragraph at lines 446--517
[]$ $[]$

Overfull \hbox (2.61107pt too wide) in paragraph at lines 446--517
[]$ $[]$ 
[13] [14]
<use /Users/malcolm/scratch/make_crys/Snowman-0.2-0.637556-1.637556/short_order
.png>
<use /Users/malcolm/scratch/make_crys/Snowman-0.2-0.637556-1.637556/msd.png>
<use /Users/malcolm/scratch/make_crys/Snowman-0.2-0.637556-1.637556/rotation.pn
g>
<use /Users/malcolm/scratch/make_crys/Snowman-0.2-0.637556-1.637556/histogram.p
ng>
<use /Users/malcolm/scratch/make_crys/Snowman-0.2-0.637556-1.637556/props.png>
<use /Users/malcolm/scratch/make_crys/Snowman-0.2-0.637556-1.637556/order/00000
01000.png>
<use /Users/malcolm/scratch/make_crys/Snowman-0.2-0.637556-1.637556/order/00000
01064.png>
Overfull \hbox (2.61107pt too wide) in paragraph at lines 578--588
[]$[]$ $[]$ 

Overfull \hbox (20.23589pt too wide) in paragraph at lines 518--589
[]$[]$ $[]$

Overfull \hbox (2.61107pt too wide) in paragraph at lines 518--589
[]$ $[]$

Overfull \hbox (2.61107pt too wide) in paragraph at lines 518--589
[]$ $[]$ 
[15] [16]
<use /Users/malcolm/scratch/make_crys/Snowman-0.2-0.637556-1.637556/short_order
.png>
<use /Users/malcolm/scratch/make_crys/Snowman-0.2-0.637556-1.637556/msd.png>
<use /Users/malcolm/scratch/make_crys/Snowman-0.2-0.637556-1.637556/rotation.pn
g>
<use /Users/malcolm/scratch/make_crys/Snowman-0.2-0.637556-1.637556/histogram.p
ng>
<use /Users/malcolm/scratch/make_crys/Snowman-0.2-0.637556-1.637556/props.png>
<use /Users/malcolm/scratch/make_crys/Snowman-0.2-0.637556-1.637556/order/00000
01000.png>
<use /Users/malcolm/scratch/make_crys/Snowman-0.2-0.637556-1.637556/order/00000
01064.png>
Overfull \hbox (2.61107pt too wide) in paragraph at lines 650--660
[]$[]$ $[]$ 

Overfull \hbox (20.23589pt too wide) in paragraph at lines 590--661
[]$[]$ $[]$

Overfull \hbox (2.61107pt too wide) in paragraph at lines 590--661
[]$ $[]$

Overfull \hbox (2.61107pt too wide) in paragraph at lines 590--661
[]$ $[]$ 
[17] [18]
<use /Users/malcolm/scratch/make_crys/Snowman-0.2-0.637556-1.637556/short_order
.png>
<use /Users/malcolm/scratch/make_crys/Snowman-0.2-0.637556-1.637556/msd.png>
<use /Users/malcolm/scratch/make_crys/Snowman-0.2-0.637556-1.637556/rotation.pn
g>
<use /Users/malcolm/scratch/make_crys/Snowman-0.2-0.637556-1.637556/histogram.p
ng>
<use /Users/malcolm/scratch/make_crys/Snowman-0.2-0.637556-1.637556/props.png>
</Users/malcolm/scratch/make_crys/Snowman-0.4-0.637556-1.0/order/0000001400.png
, id=85, 602.25pt x 602.25pt>
<use /Users/malcolm/scratch/make_crys/Snowman-0.4-0.637556-1.0/order/0000001400
.png>
</Users/malcolm/scratch/make_crys/Snowman-0.4-0.637556-1.0/order/0000001458.png
, id=86, 602.25pt x 602.25pt>
<use /Users/malcolm/scratch/make_crys/Snowman-0.4-0.637556-1.0/order/0000001458
.png>
Overfull \hbox (2.61107pt too wide) in paragraph at lines 722--732
[]$[]$ $[]$ 

Overfull \hbox (20.23589pt too wide) in paragraph at lines 662--733
[]$[]$ $[]$

Overfull \hbox (2.61107pt too wide) in paragraph at lines 662--733
[]$ $[]$

Overfull \hbox (2.61107pt too wide) in paragraph at lines 662--733
[]$ $[]$ 
[19] [20]
</Users/malcolm/scratch/make_crys/Snowman-0.4-0.637556-1.0/short_order.png, id=
94, 602.25pt x 602.25pt>
<use /Users/malcolm/scratch/make_crys/Snowman-0.4-0.637556-1.0/short_order.png>

</Users/malcolm/scratch/make_crys/Snowman-0.4-0.637556-1.0/msd.png, id=95, 602.
25pt x 602.25pt>
<use /Users/malcolm/scratch/make_crys/Snowman-0.4-0.637556-1.0/msd.png>
</Users/malcolm/scratch/make_crys/Snowman-0.4-0.637556-1.0/rotation.png, id=96,
 602.25pt x 602.25pt>
<use /Users/malcolm/scratch/make_crys/Snowman-0.4-0.637556-1.0/rotation.png>
</Users/malcolm/scratch/make_crys/Snowman-0.4-0.637556-1.0/histogram.png, id=97
, 481.8pt x 361.35pt>
<use /Users/malcolm/scratch/make_crys/Snowman-0.4-0.637556-1.0/histogram.png>
</Users/malcolm/scratch/make_crys/Snowman-0.4-0.637556-1.0/props.png, id=98, 60
2.25pt x 602.25pt>
<use /Users/malcolm/scratch/make_crys/Snowman-0.4-0.637556-1.0/props.png>
<use /Users/malcolm/scratch/make_crys/Snowman-0.4-0.637556-1.0/order/0000001400
.png>
<use /Users/malcolm/scratch/make_crys/Snowman-0.4-0.637556-1.0/order/0000001458
.png>
Overfull \hbox (2.61107pt too wide) in paragraph at lines 794--804
[]$[]$ $[]$ 

Overfull \hbox (20.23589pt too wide) in paragraph at lines 734--805
[]$[]$ $[]$

Overfull \hbox (2.61107pt too wide) in paragraph at lines 734--805
[]$ $[]$

Overfull \hbox (2.61107pt too wide) in paragraph at lines 734--805
[]$ $[]$ 
[21 </Users/malcolm/scratch/make_crys/Snowman-0.4-0.637556-1.0/order/0000001400
.png> </Users/malcolm/scratch/make_crys/Snowman-0.4-0.637556-1.0/order/00000014
58.png> </Users/malcolm/scratch/make_crys/Snowman-0.4-0.637556-1.0/short_order.
png> </Users/malcolm/scratch/make_crys/Snowman-0.4-0.637556-1.0/msd.png (PNG co
py)>] [22 </Users/malcolm/scratch/make_crys/Snowman-0.4-0.637556-1.0/rotation.p
ng (PNG copy)> </Users/malcolm/scratch/make_crys/Snowman-0.4-0.637556-1.0/histo
gram.png> </Users/malcolm/scratch/make_crys/Snowman-0.4-0.637556-1.0/props.png 
(PNG copy)>]
<use /Users/malcolm/scratch/make_crys/Snowman-0.4-0.637556-1.0/short_order.png>
<use /Users/malcolm/scratch/make_crys/Snowman-0.4-0.637556-1.0/msd.png>
<use /Users/malcolm/scratch/make_crys/Snowman-0.4-0.637556-1.0/rotation.png>
<use /Users/malcolm/scratch/make_crys/Snowman-0.4-0.637556-1.0/histogram.png>
<use /Users/malcolm/scratch/make_crys/Snowman-0.4-0.637556-1.0/props.png>
<use /Users/malcolm/scratch/make_crys/Snowman-0.4-0.637556-1.0/order/0000001400
.png>
<use /Users/malcolm/scratch/make_crys/Snowman-0.4-0.637556-1.0/order/0000001458
.png>
Overfull \hbox (2.61107pt too wide) in paragraph at lines 866--876
[]$[]$ $[]$ 

Overfull \hbox (20.23589pt too wide) in paragraph at lines 806--877
[]$[]$ $[]$

Overfull \hbox (2.61107pt too wide) in paragraph at lines 806--877
[]$ $[]$

Overfull \hbox (2.61107pt too wide) in paragraph at lines 806--877
[]$ $[]$ 
[23] [24]
<use /Users/malcolm/scratch/make_crys/Snowman-0.4-0.637556-1.0/short_order.png>
<use /Users/malcolm/scratch/make_crys/Snowman-0.4-0.637556-1.0/msd.png>
<use /Users/malcolm/scratch/make_crys/Snowman-0.4-0.637556-1.0/rotation.png>
<use /Users/malcolm/scratch/make_crys/Snowman-0.4-0.637556-1.0/histogram.png>
<use /Users/malcolm/scratch/make_crys/Snowman-0.4-0.637556-1.0/props.png>
<use /Users/malcolm/scratch/make_crys/Snowman-0.4-0.637556-1.0/order/0000001400
.png>
<use /Users/malcolm/scratch/make_crys/Snowman-0.4-0.637556-1.0/order/0000001458
.png>
Overfull \hbox (2.61107pt too wide) in paragraph at lines 938--948
[]$[]$ $[]$ 

Overfull \hbox (20.23589pt too wide) in paragraph at lines 878--949
[]$[]$ $[]$

Overfull \hbox (2.61107pt too wide) in paragraph at lines 878--949
[]$ $[]$

Overfull \hbox (2.61107pt too wide) in paragraph at lines 878--949
[]$ $[]$ 
[25] [26]
<use /Users/malcolm/scratch/make_crys/Snowman-0.4-0.637556-1.0/short_order.png>
<use /Users/malcolm/scratch/make_crys/Snowman-0.4-0.637556-1.0/msd.png>
<use /Users/malcolm/scratch/make_crys/Snowman-0.4-0.637556-1.0/rotation.png>
<use /Users/malcolm/scratch/make_crys/Snowman-0.4-0.637556-1.0/histogram.png>
<use /Users/malcolm/scratch/make_crys/Snowman-0.4-0.637556-1.0/props.png>
<use /Users/malcolm/scratch/make_crys/Snowman-0.4-0.637556-1.0/order/0000001400
.png>
<use /Users/malcolm/scratch/make_crys/Snowman-0.4-0.637556-1.0/order/0000001458
.png>
Overfull \hbox (2.61107pt too wide) in paragraph at lines 1010--1020
[]$[]$ $[]$ 

Overfull \hbox (20.23589pt too wide) in paragraph at lines 950--1021
[]$[]$ $[]$

Overfull \hbox (2.61107pt too wide) in paragraph at lines 950--1021
[]$ $[]$

Overfull \hbox (2.61107pt too wide) in paragraph at lines 950--1021
[]$ $[]$ 
[27] [28]
<use /Users/malcolm/scratch/make_crys/Snowman-0.4-0.637556-1.0/short_order.png>
<use /Users/malcolm/scratch/make_crys/Snowman-0.4-0.637556-1.0/msd.png>
<use /Users/malcolm/scratch/make_crys/Snowman-0.4-0.637556-1.0/rotation.png>
<use /Users/malcolm/scratch/make_crys/Snowman-0.4-0.637556-1.0/histogram.png>
<use /Users/malcolm/scratch/make_crys/Snowman-0.4-0.637556-1.0/props.png>
</Users/malcolm/scratch/make_crys/Snowman-0.4-0.637556-1.637556/order/000000100
0.png, id=128, 602.25pt x 602.25pt>
<use /Users/malcolm/scratch/make_crys/Snowman-0.4-0.637556-1.637556/order/00000
01000.png>
</Users/malcolm/scratch/make_crys/Snowman-0.4-0.637556-1.637556/order/000000107
1.png, id=129, 602.25pt x 602.25pt>
<use /Users/malcolm/scratch/make_crys/Snowman-0.4-0.637556-1.637556/order/00000
01071.png>
Overfull \hbox (2.61107pt too wide) in paragraph at lines 1082--1092
[]$[]$ $[]$ 

Overfull \hbox (20.23589pt too wide) in paragraph at lines 1022--1093
[]$[]$ $[]$

Overfull \hbox (2.61107pt too wide) in paragraph at lines 1022--1093
[]$ $[]$

Overfull \hbox (2.61107pt too wide) in paragraph at lines 1022--1093
[]$ $[]$ 
[29] [30]
</Users/malcolm/scratch/make_crys/Snowman-0.4-0.637556-1.637556/short_order.png
, id=136, 602.25pt x 602.25pt>
<use /Users/malcolm/scratch/make_crys/Snowman-0.4-0.637556-1.637556/short_order
.png>
</Users/malcolm/scratch/make_crys/Snowman-0.4-0.637556-1.637556/msd.png, id=137
, 602.25pt x 602.25pt>
<use /Users/malcolm/scratch/make_crys/Snowman-0.4-0.637556-1.637556/msd.png>
</Users/malcolm/scratch/make_crys/Snowman-0.4-0.637556-1.637556/rotation.png, i
d=138, 602.25pt x 602.25pt>
<use /Users/malcolm/scratch/make_crys/Snowman-0.4-0.637556-1.637556/rotation.pn
g>
</Users/malcolm/scratch/make_crys/Snowman-0.4-0.637556-1.637556/histogram.png, 
id=139, 481.8pt x 361.35pt>
<use /Users/malcolm/scratch/make_crys/Snowman-0.4-0.637556-1.637556/histogram.p
ng>
</Users/malcolm/scratch/make_crys/Snowman-0.4-0.637556-1.637556/props.png, id=1
40, 602.25pt x 602.25pt>
<use /Users/malcolm/scratch/make_crys/Snowman-0.4-0.637556-1.637556/props.png>
<use /Users/malcolm/scratch/make_crys/Snowman-0.4-0.637556-1.637556/order/00000
01000.png>
<use /Users/malcolm/scratch/make_crys/Snowman-0.4-0.637556-1.637556/order/00000
01071.png>
Overfull \hbox (2.61107pt too wide) in paragraph at lines 1154--1164
[]$[]$ $[]$ 

Overfull \hbox (20.23589pt too wide) in paragraph at lines 1094--1165
[]$[]$ $[]$

Overfull \hbox (2.61107pt too wide) in paragraph at lines 1094--1165
[]$ $[]$

Overfull \hbox (2.61107pt too wide) in paragraph at lines 1094--1165
[]$ $[]$ 
[31 </Users/malcolm/scratch/make_crys/Snowman-0.4-0.637556-1.637556/order/00000
01000.png> </Users/malcolm/scratch/make_crys/Snowman-0.4-0.637556-1.637556/orde
r/0000001071.png> </Users/malcolm/scratch/make_crys/Snowman-0.4-0.637556-1.6375
56/short_order.png> </Users/malcolm/scratch/make_crys/Snowman-0.4-0.637556-1.63
7556/msd.png (PNG copy)>] [32 </Users/malcolm/scratch/make_crys/Snowman-0.4-0.6
37556-1.637556/rotation.png (PNG copy)> </Users/malcolm/scratch/make_crys/Snowm
an-0.4-0.637556-1.637556/histogram.png> </Users/malcolm/scratch/make_crys/Snowm
an-0.4-0.637556-1.637556/props.png (PNG copy)>]
<use /Users/malcolm/scratch/make_crys/Snowman-0.4-0.637556-1.637556/short_order
.png>
<use /Users/malcolm/scratch/make_crys/Snowman-0.4-0.637556-1.637556/msd.png>
<use /Users/malcolm/scratch/make_crys/Snowman-0.4-0.637556-1.637556/rotation.pn
g>
<use /Users/malcolm/scratch/make_crys/Snowman-0.4-0.637556-1.637556/histogram.p
ng>
<use /Users/malcolm/scratch/make_crys/Snowman-0.4-0.637556-1.637556/props.png>
<use /Users/malcolm/scratch/make_crys/Snowman-0.4-0.637556-1.637556/order/00000
01000.png>
<use /Users/malcolm/scratch/make_crys/Snowman-0.4-0.637556-1.637556/order/00000
01071.png>
Overfull \hbox (2.61107pt too wide) in paragraph at lines 1226--1236
[]$[]$ $[]$ 

Overfull \hbox (20.23589pt too wide) in paragraph at lines 1166--1237
[]$[]$ $[]$

Overfull \hbox (2.61107pt too wide) in paragraph at lines 1166--1237
[]$ $[]$

Overfull \hbox (2.61107pt too wide) in paragraph at lines 1166--1237
[]$ $[]$ 
[33] [34]
<use /Users/malcolm/scratch/make_crys/Snowman-0.4-0.637556-1.637556/short_order
.png>
<use /Users/malcolm/scratch/make_crys/Snowman-0.4-0.637556-1.637556/msd.png>
<use /Users/malcolm/scratch/make_crys/Snowman-0.4-0.637556-1.637556/rotation.pn
g>
<use /Users/malcolm/scratch/make_crys/Snowman-0.4-0.637556-1.637556/histogram.p
ng>
<use /Users/malcolm/scratch/make_crys/Snowman-0.4-0.637556-1.637556/props.png>
<use /Users/malcolm/scratch/make_crys/Snowman-0.4-0.637556-1.637556/order/00000
01000.png>
<use /Users/malcolm/scratch/make_crys/Snowman-0.4-0.637556-1.637556/order/00000
01071.png>
Overfull \hbox (2.61107pt too wide) in paragraph at lines 1298--1308
[]$[]$ $[]$ 

Overfull \hbox (20.23589pt too wide) in paragraph at lines 1238--1309
[]$[]$ $[]$

Overfull \hbox (2.61107pt too wide) in paragraph at lines 1238--1309
[]$ $[]$

Overfull \hbox (2.61107pt too wide) in paragraph at lines 1238--1309
[]$ $[]$ 
[35] [36]
<use /Users/malcolm/scratch/make_crys/Snowman-0.4-0.637556-1.637556/short_order
.png>
<use /Users/malcolm/scratch/make_crys/Snowman-0.4-0.637556-1.637556/msd.png>
<use /Users/malcolm/scratch/make_crys/Snowman-0.4-0.637556-1.637556/rotation.pn
g>
<use /Users/malcolm/scratch/make_crys/Snowman-0.4-0.637556-1.637556/histogram.p
ng>
<use /Users/malcolm/scratch/make_crys/Snowman-0.4-0.637556-1.637556/props.png>
<use /Users/malcolm/scratch/make_crys/Snowman-0.4-0.637556-1.637556/order/00000
01000.png>
<use /Users/malcolm/scratch/make_crys/Snowman-0.4-0.637556-1.637556/order/00000
01071.png>
Overfull \hbox (2.61107pt too wide) in paragraph at lines 1370--1380
[]$[]$ $[]$ 

Overfull \hbox (20.23589pt too wide) in paragraph at lines 1310--1381
[]$[]$ $[]$

Overfull \hbox (2.61107pt too wide) in paragraph at lines 1310--1381
[]$ $[]$

Overfull \hbox (2.61107pt too wide) in paragraph at lines 1310--1381
[]$ $[]$ 
[37] [38]
<use /Users/malcolm/scratch/make_crys/Snowman-0.4-0.637556-1.637556/short_order
.png>
<use /Users/malcolm/scratch/make_crys/Snowman-0.4-0.637556-1.637556/msd.png>
<use /Users/malcolm/scratch/make_crys/Snowman-0.4-0.637556-1.637556/rotation.pn
g>
<use /Users/malcolm/scratch/make_crys/Snowman-0.4-0.637556-1.637556/histogram.p
ng>
<use /Users/malcolm/scratch/make_crys/Snowman-0.4-0.637556-1.637556/props.png>
</Users/malcolm/scratch/make_crys/Snowman-0.6-0.637556-1.0/order/0000001400.png
, id=171, 602.25pt x 602.25pt>
<use /Users/malcolm/scratch/make_crys/Snowman-0.6-0.637556-1.0/order/0000001400
.png>
</Users/malcolm/scratch/make_crys/Snowman-0.6-0.637556-1.0/order/0000001406.png
, id=172, 602.25pt x 602.25pt>
<use /Users/malcolm/scratch/make_crys/Snowman-0.6-0.637556-1.0/order/0000001406
.png>
Overfull \hbox (2.61107pt too wide) in paragraph at lines 1442--1452
[]$[]$ $[]$ 

Overfull \hbox (20.23589pt too wide) in paragraph at lines 1382--1453
[]$[]$ $[]$

Overfull \hbox (2.61107pt too wide) in paragraph at lines 1382--1453
[]$ $[]$

Overfull \hbox (2.61107pt too wide) in paragraph at lines 1382--1453
[]$ $[]$ 
[39] [40]
</Users/malcolm/scratch/make_crys/Snowman-0.6-0.637556-1.0/short_order.png, id=
179, 602.25pt x 602.25pt>
<use /Users/malcolm/scratch/make_crys/Snowman-0.6-0.637556-1.0/short_order.png>

</Users/malcolm/scratch/make_crys/Snowman-0.6-0.637556-1.0/msd.png, id=180, 602
.25pt x 602.25pt>
<use /Users/malcolm/scratch/make_crys/Snowman-0.6-0.637556-1.0/msd.png>
</Users/malcolm/scratch/make_crys/Snowman-0.6-0.637556-1.0/rotation.png, id=181
, 602.25pt x 602.25pt>
<use /Users/malcolm/scratch/make_crys/Snowman-0.6-0.637556-1.0/rotation.png>
</Users/malcolm/scratch/make_crys/Snowman-0.6-0.637556-1.0/histogram.png, id=18
2, 481.8pt x 361.35pt>
<use /Users/malcolm/scratch/make_crys/Snowman-0.6-0.637556-1.0/histogram.png>
</Users/malcolm/scratch/make_crys/Snowman-0.6-0.637556-1.0/props.png, id=183, 6
02.25pt x 602.25pt>
<use /Users/malcolm/scratch/make_crys/Snowman-0.6-0.637556-1.0/props.png>
<use /Users/malcolm/scratch/make_crys/Snowman-0.6-0.637556-1.0/order/0000001400
.png>
<use /Users/malcolm/scratch/make_crys/Snowman-0.6-0.637556-1.0/order/0000001406
.png>
Overfull \hbox (2.61107pt too wide) in paragraph at lines 1514--1524
[]$[]$ $[]$ 

Overfull \hbox (20.23589pt too wide) in paragraph at lines 1454--1525
[]$[]$ $[]$

Overfull \hbox (2.61107pt too wide) in paragraph at lines 1454--1525
[]$ $[]$

Overfull \hbox (2.61107pt too wide) in paragraph at lines 1454--1525
[]$ $[]$ 
[41 </Users/malcolm/scratch/make_crys/Snowman-0.6-0.637556-1.0/order/0000001400
.png> </Users/malcolm/scratch/make_crys/Snowman-0.6-0.637556-1.0/order/00000014
06.png> </Users/malcolm/scratch/make_crys/Snowman-0.6-0.637556-1.0/short_order.
png> </Users/malcolm/scratch/make_crys/Snowman-0.6-0.637556-1.0/msd.png (PNG co
py)>] [42 </Users/malcolm/scratch/make_crys/Snowman-0.6-0.637556-1.0/rotation.p
ng (PNG copy)> </Users/malcolm/scratch/make_crys/Snowman-0.6-0.637556-1.0/histo
gram.png> </Users/malcolm/scratch/make_crys/Snowman-0.6-0.637556-1.0/props.png 
(PNG copy)>]
<use /Users/malcolm/scratch/make_crys/Snowman-0.6-0.637556-1.0/short_order.png>
<use /Users/malcolm/scratch/make_crys/Snowman-0.6-0.637556-1.0/msd.png>
<use /Users/malcolm/scratch/make_crys/Snowman-0.6-0.637556-1.0/rotation.png>
<use /Users/malcolm/scratch/make_crys/Snowman-0.6-0.637556-1.0/histogram.png>
<use /Users/malcolm/scratch/make_crys/Snowman-0.6-0.637556-1.0/props.png>
<use /Users/malcolm/scratch/make_crys/Snowman-0.6-0.637556-1.0/order/0000001400
.png>
<use /Users/malcolm/scratch/make_crys/Snowman-0.6-0.637556-1.0/order/0000001406
.png>
Overfull \hbox (2.61107pt too wide) in paragraph at lines 1586--1596
[]$[]$ $[]$ 

Overfull \hbox (20.23589pt too wide) in paragraph at lines 1526--1597
[]$[]$ $[]$

Overfull \hbox (2.61107pt too wide) in paragraph at lines 1526--1597
[]$ $[]$

Overfull \hbox (2.61107pt too wide) in paragraph at lines 1526--1597
[]$ $[]$ 
[43] [44]
<use /Users/malcolm/scratch/make_crys/Snowman-0.6-0.637556-1.0/short_order.png>
<use /Users/malcolm/scratch/make_crys/Snowman-0.6-0.637556-1.0/msd.png>
<use /Users/malcolm/scratch/make_crys/Snowman-0.6-0.637556-1.0/rotation.png>
<use /Users/malcolm/scratch/make_crys/Snowman-0.6-0.637556-1.0/histogram.png>
<use /Users/malcolm/scratch/make_crys/Snowman-0.6-0.637556-1.0/props.png>
<use /Users/malcolm/scratch/make_crys/Snowman-0.6-0.637556-1.0/order/0000001400
.png>
<use /Users/malcolm/scratch/make_crys/Snowman-0.6-0.637556-1.0/order/0000001406
.png>
Overfull \hbox (2.61107pt too wide) in paragraph at lines 1658--1668
[]$[]$ $[]$ 

Overfull \hbox (20.23589pt too wide) in paragraph at lines 1598--1669
[]$[]$ $[]$

Overfull \hbox (2.61107pt too wide) in paragraph at lines 1598--1669
[]$ $[]$

Overfull \hbox (2.61107pt too wide) in paragraph at lines 1598--1669
[]$ $[]$ 
[45] [46]
<use /Users/malcolm/scratch/make_crys/Snowman-0.6-0.637556-1.0/short_order.png>
<use /Users/malcolm/scratch/make_crys/Snowman-0.6-0.637556-1.0/msd.png>
<use /Users/malcolm/scratch/make_crys/Snowman-0.6-0.637556-1.0/rotation.png>
<use /Users/malcolm/scratch/make_crys/Snowman-0.6-0.637556-1.0/histogram.png>
<use /Users/malcolm/scratch/make_crys/Snowman-0.6-0.637556-1.0/props.png>
<use /Users/malcolm/scratch/make_crys/Snowman-0.6-0.637556-1.0/order/0000001400
.png>
<use /Users/malcolm/scratch/make_crys/Snowman-0.6-0.637556-1.0/order/0000001406
.png>
Overfull \hbox (2.61107pt too wide) in paragraph at lines 1730--1740
[]$[]$ $[]$ 

Overfull \hbox (20.23589pt too wide) in paragraph at lines 1670--1741
[]$[]$ $[]$

Overfull \hbox (2.61107pt too wide) in paragraph at lines 1670--1741
[]$ $[]$

Overfull \hbox (2.61107pt too wide) in paragraph at lines 1670--1741
[]$ $[]$ 
[47] [48]
<use /Users/malcolm/scratch/make_crys/Snowman-0.6-0.637556-1.0/short_order.png>
<use /Users/malcolm/scratch/make_crys/Snowman-0.6-0.637556-1.0/msd.png>
<use /Users/malcolm/scratch/make_crys/Snowman-0.6-0.637556-1.0/rotation.png>
<use /Users/malcolm/scratch/make_crys/Snowman-0.6-0.637556-1.0/histogram.png>
<use /Users/malcolm/scratch/make_crys/Snowman-0.6-0.637556-1.0/props.png>
</Users/malcolm/scratch/make_crys/Snowman-0.6-0.637556-1.637556/order/000000100
0.png, id=213, 602.25pt x 602.25pt>
<use /Users/malcolm/scratch/make_crys/Snowman-0.6-0.637556-1.637556/order/00000
01000.png>
</Users/malcolm/scratch/make_crys/Snowman-0.6-0.637556-1.637556/order/000000108
8.png, id=214, 602.25pt x 602.25pt>
<use /Users/malcolm/scratch/make_crys/Snowman-0.6-0.637556-1.637556/order/00000
01088.png>
Overfull \hbox (2.61107pt too wide) in paragraph at lines 1802--1812
[]$[]$ $[]$ 

Overfull \hbox (20.23589pt too wide) in paragraph at lines 1742--1813
[]$[]$ $[]$

Overfull \hbox (2.61107pt too wide) in paragraph at lines 1742--1813
[]$ $[]$

Overfull \hbox (2.61107pt too wide) in paragraph at lines 1742--1813
[]$ $[]$ 
[49] [50]
</Users/malcolm/scratch/make_crys/Snowman-0.6-0.637556-1.637556/short_order.png
, id=223, 602.25pt x 602.25pt>
<use /Users/malcolm/scratch/make_crys/Snowman-0.6-0.637556-1.637556/short_order
.png>
</Users/malcolm/scratch/make_crys/Snowman-0.6-0.637556-1.637556/msd.png, id=224
, 602.25pt x 602.25pt>
<use /Users/malcolm/scratch/make_crys/Snowman-0.6-0.637556-1.637556/msd.png>
</Users/malcolm/scratch/make_crys/Snowman-0.6-0.637556-1.637556/rotation.png, i
d=225, 602.25pt x 602.25pt>
<use /Users/malcolm/scratch/make_crys/Snowman-0.6-0.637556-1.637556/rotation.pn
g>
</Users/malcolm/scratch/make_crys/Snowman-0.6-0.637556-1.637556/histogram.png, 
id=226, 481.8pt x 361.35pt>
<use /Users/malcolm/scratch/make_crys/Snowman-0.6-0.637556-1.637556/histogram.p
ng>
</Users/malcolm/scratch/make_crys/Snowman-0.6-0.637556-1.637556/props.png, id=2
27, 602.25pt x 602.25pt>
<use /Users/malcolm/scratch/make_crys/Snowman-0.6-0.637556-1.637556/props.png>
<use /Users/malcolm/scratch/make_crys/Snowman-0.6-0.637556-1.637556/order/00000
01000.png>
<use /Users/malcolm/scratch/make_crys/Snowman-0.6-0.637556-1.637556/order/00000
01088.png>
Overfull \hbox (2.61107pt too wide) in paragraph at lines 1874--1884
[]$[]$ $[]$ 

Overfull \hbox (20.23589pt too wide) in paragraph at lines 1814--1885
[]$[]$ $[]$

Overfull \hbox (2.61107pt too wide) in paragraph at lines 1814--1885
[]$ $[]$

Overfull \hbox (2.61107pt too wide) in paragraph at lines 1814--1885
[]$ $[]$ 
[51 </Users/malcolm/scratch/make_crys/Snowman-0.6-0.637556-1.637556/order/00000
01000.png> </Users/malcolm/scratch/make_crys/Snowman-0.6-0.637556-1.637556/orde
r/0000001088.png> </Users/malcolm/scratch/make_crys/Snowman-0.6-0.637556-1.6375
56/short_order.png> </Users/malcolm/scratch/make_crys/Snowman-0.6-0.637556-1.63
7556/msd.png (PNG copy)>] [52 </Users/malcolm/scratch/make_crys/Snowman-0.6-0.6
37556-1.637556/rotation.png (PNG copy)> </Users/malcolm/scratch/make_crys/Snowm
an-0.6-0.637556-1.637556/histogram.png> </Users/malcolm/scratch/make_crys/Snowm
an-0.6-0.637556-1.637556/props.png (PNG copy)>]
<use /Users/malcolm/scratch/make_crys/Snowman-0.6-0.637556-1.637556/short_order
.png>
<use /Users/malcolm/scratch/make_crys/Snowman-0.6-0.637556-1.637556/msd.png>
<use /Users/malcolm/scratch/make_crys/Snowman-0.6-0.637556-1.637556/rotation.pn
g>
<use /Users/malcolm/scratch/make_crys/Snowman-0.6-0.637556-1.637556/histogram.p
ng>
<use /Users/malcolm/scratch/make_crys/Snowman-0.6-0.637556-1.637556/props.png>
<use /Users/malcolm/scratch/make_crys/Snowman-0.6-0.637556-1.637556/order/00000
01000.png>
<use /Users/malcolm/scratch/make_crys/Snowman-0.6-0.637556-1.637556/order/00000
01088.png>
Overfull \hbox (2.61107pt too wide) in paragraph at lines 1946--1956
[]$[]$ $[]$ 

Overfull \hbox (20.23589pt too wide) in paragraph at lines 1886--1957
[]$[]$ $[]$

Overfull \hbox (2.61107pt too wide) in paragraph at lines 1886--1957
[]$ $[]$

Overfull \hbox (2.61107pt too wide) in paragraph at lines 1886--1957
[]$ $[]$ 
[53] [54]
<use /Users/malcolm/scratch/make_crys/Snowman-0.6-0.637556-1.637556/short_order
.png>
<use /Users/malcolm/scratch/make_crys/Snowman-0.6-0.637556-1.637556/msd.png>
<use /Users/malcolm/scratch/make_crys/Snowman-0.6-0.637556-1.637556/rotation.pn
g>
<use /Users/malcolm/scratch/make_crys/Snowman-0.6-0.637556-1.637556/histogram.p
ng>
<use /Users/malcolm/scratch/make_crys/Snowman-0.6-0.637556-1.637556/props.png>
<use /Users/malcolm/scratch/make_crys/Snowman-0.6-0.637556-1.637556/order/00000
01000.png>
<use /Users/malcolm/scratch/make_crys/Snowman-0.6-0.637556-1.637556/order/00000
01088.png>
Overfull \hbox (2.61107pt too wide) in paragraph at lines 2018--2028
[]$[]$ $[]$ 

Overfull \hbox (20.23589pt too wide) in paragraph at lines 1958--2029
[]$[]$ $[]$

Overfull \hbox (2.61107pt too wide) in paragraph at lines 1958--2029
[]$ $[]$

Overfull \hbox (2.61107pt too wide) in paragraph at lines 1958--2029
[]$ $[]$ 
[55] [56]
<use /Users/malcolm/scratch/make_crys/Snowman-0.6-0.637556-1.637556/short_order
.png>
<use /Users/malcolm/scratch/make_crys/Snowman-0.6-0.637556-1.637556/msd.png>
<use /Users/malcolm/scratch/make_crys/Snowman-0.6-0.637556-1.637556/rotation.pn
g>
<use /Users/malcolm/scratch/make_crys/Snowman-0.6-0.637556-1.637556/histogram.p
ng>
<use /Users/malcolm/scratch/make_crys/Snowman-0.6-0.637556-1.637556/props.png>
<use /Users/malcolm/scratch/make_crys/Snowman-0.6-0.637556-1.637556/order/00000
01000.png>
<use /Users/malcolm/scratch/make_crys/Snowman-0.6-0.637556-1.637556/order/00000
01088.png>
Overfull \hbox (2.61107pt too wide) in paragraph at lines 2090--2100
[]$[]$ $[]$ 

Overfull \hbox (20.23589pt too wide) in paragraph at lines 2030--2101
[]$[]$ $[]$

Overfull \hbox (2.61107pt too wide) in paragraph at lines 2030--2101
[]$ $[]$

Overfull \hbox (2.61107pt too wide) in paragraph at lines 2030--2101
[]$ $[]$ 
[57] [58]
<use /Users/malcolm/scratch/make_crys/Snowman-0.6-0.637556-1.637556/short_order
.png>
<use /Users/malcolm/scratch/make_crys/Snowman-0.6-0.637556-1.637556/msd.png>
<use /Users/malcolm/scratch/make_crys/Snowman-0.6-0.637556-1.637556/rotation.pn
g>
<use /Users/malcolm/scratch/make_crys/Snowman-0.6-0.637556-1.637556/histogram.p
ng>
<use /Users/malcolm/scratch/make_crys/Snowman-0.6-0.637556-1.637556/props.png>
</Users/malcolm/scratch/make_crys/Snowman-0.8-0.637556-1.0/order/0000001400.png
, id=257, 602.25pt x 602.25pt>
<use /Users/malcolm/scratch/make_crys/Snowman-0.8-0.637556-1.0/order/0000001400
.png>
</Users/malcolm/scratch/make_crys/Snowman-0.8-0.637556-1.0/order/0000001500.png
, id=258, 602.25pt x 602.25pt>
<use /Users/malcolm/scratch/make_crys/Snowman-0.8-0.637556-1.0/order/0000001500
.png>
Overfull \hbox (2.61107pt too wide) in paragraph at lines 2162--2172
[]$[]$ $[]$ 

Overfull \hbox (20.23589pt too wide) in paragraph at lines 2102--2173
[]$[]$ $[]$

Overfull \hbox (2.61107pt too wide) in paragraph at lines 2102--2173
[]$ $[]$

Overfull \hbox (2.61107pt too wide) in paragraph at lines 2102--2173
[]$ $[]$ 
[59] [60]
</Users/malcolm/scratch/make_crys/Snowman-0.8-0.637556-1.0/short_order.png, id=
265, 602.25pt x 602.25pt>
<use /Users/malcolm/scratch/make_crys/Snowman-0.8-0.637556-1.0/short_order.png>

</Users/malcolm/scratch/make_crys/Snowman-0.8-0.637556-1.0/msd.png, id=266, 602
.25pt x 602.25pt>
<use /Users/malcolm/scratch/make_crys/Snowman-0.8-0.637556-1.0/msd.png>
</Users/malcolm/scratch/make_crys/Snowman-0.8-0.637556-1.0/rotation.png, id=267
, 602.25pt x 602.25pt>
<use /Users/malcolm/scratch/make_crys/Snowman-0.8-0.637556-1.0/rotation.png>
</Users/malcolm/scratch/make_crys/Snowman-0.8-0.637556-1.0/histogram.png, id=26
8, 481.8pt x 361.35pt>
<use /Users/malcolm/scratch/make_crys/Snowman-0.8-0.637556-1.0/histogram.png>
</Users/malcolm/scratch/make_crys/Snowman-0.8-0.637556-1.0/props.png, id=269, 6
02.25pt x 602.25pt>
<use /Users/malcolm/scratch/make_crys/Snowman-0.8-0.637556-1.0/props.png>
<use /Users/malcolm/scratch/make_crys/Snowman-0.8-0.637556-1.0/order/0000001400
.png>
<use /Users/malcolm/scratch/make_crys/Snowman-0.8-0.637556-1.0/order/0000001500
.png>
Overfull \hbox (2.61107pt too wide) in paragraph at lines 2234--2244
[]$[]$ $[]$ 

Overfull \hbox (20.23589pt too wide) in paragraph at lines 2174--2245
[]$[]$ $[]$

Overfull \hbox (2.61107pt too wide) in paragraph at lines 2174--2245
[]$ $[]$

Overfull \hbox (2.61107pt too wide) in paragraph at lines 2174--2245
[]$ $[]$ 
[61 </Users/malcolm/scratch/make_crys/Snowman-0.8-0.637556-1.0/order/0000001400
.png> </Users/malcolm/scratch/make_crys/Snowman-0.8-0.637556-1.0/order/00000015
00.png> </Users/malcolm/scratch/make_crys/Snowman-0.8-0.637556-1.0/short_order.
png> </Users/malcolm/scratch/make_crys/Snowman-0.8-0.637556-1.0/msd.png (PNG co
py)>] [62 </Users/malcolm/scratch/make_crys/Snowman-0.8-0.637556-1.0/rotation.p
ng (PNG copy)> </Users/malcolm/scratch/make_crys/Snowman-0.8-0.637556-1.0/histo
gram.png> </Users/malcolm/scratch/make_crys/Snowman-0.8-0.637556-1.0/props.png 
(PNG copy)>]
<use /Users/malcolm/scratch/make_crys/Snowman-0.8-0.637556-1.0/short_order.png>
<use /Users/malcolm/scratch/make_crys/Snowman-0.8-0.637556-1.0/msd.png>
<use /Users/malcolm/scratch/make_crys/Snowman-0.8-0.637556-1.0/rotation.png>
<use /Users/malcolm/scratch/make_crys/Snowman-0.8-0.637556-1.0/histogram.png>
<use /Users/malcolm/scratch/make_crys/Snowman-0.8-0.637556-1.0/props.png>
<use /Users/malcolm/scratch/make_crys/Snowman-0.8-0.637556-1.0/order/0000001400
.png>
<use /Users/malcolm/scratch/make_crys/Snowman-0.8-0.637556-1.0/order/0000001500
.png>
Overfull \hbox (2.61107pt too wide) in paragraph at lines 2306--2316
[]$[]$ $[]$ 

Overfull \hbox (20.23589pt too wide) in paragraph at lines 2246--2317
[]$[]$ $[]$

Overfull \hbox (2.61107pt too wide) in paragraph at lines 2246--2317
[]$ $[]$

Overfull \hbox (2.61107pt too wide) in paragraph at lines 2246--2317
[]$ $[]$ 
[63] [64]
<use /Users/malcolm/scratch/make_crys/Snowman-0.8-0.637556-1.0/short_order.png>
<use /Users/malcolm/scratch/make_crys/Snowman-0.8-0.637556-1.0/msd.png>
<use /Users/malcolm/scratch/make_crys/Snowman-0.8-0.637556-1.0/rotation.png>
<use /Users/malcolm/scratch/make_crys/Snowman-0.8-0.637556-1.0/histogram.png>
<use /Users/malcolm/scratch/make_crys/Snowman-0.8-0.637556-1.0/props.png>
<use /Users/malcolm/scratch/make_crys/Snowman-0.8-0.637556-1.0/order/0000001400
.png>
<use /Users/malcolm/scratch/make_crys/Snowman-0.8-0.637556-1.0/order/0000001500
.png>
Overfull \hbox (2.61107pt too wide) in paragraph at lines 2378--2388
[]$[]$ $[]$ 

Overfull \hbox (20.23589pt too wide) in paragraph at lines 2318--2389
[]$[]$ $[]$

Overfull \hbox (2.61107pt too wide) in paragraph at lines 2318--2389
[]$ $[]$

Overfull \hbox (2.61107pt too wide) in paragraph at lines 2318--2389
[]$ $[]$ 
[65] [66]
<use /Users/malcolm/scratch/make_crys/Snowman-0.8-0.637556-1.0/short_order.png>
<use /Users/malcolm/scratch/make_crys/Snowman-0.8-0.637556-1.0/msd.png>
<use /Users/malcolm/scratch/make_crys/Snowman-0.8-0.637556-1.0/rotation.png>
<use /Users/malcolm/scratch/make_crys/Snowman-0.8-0.637556-1.0/histogram.png>
<use /Users/malcolm/scratch/make_crys/Snowman-0.8-0.637556-1.0/props.png>
<use /Users/malcolm/scratch/make_crys/Snowman-0.8-0.637556-1.0/order/0000001400
.png>
<use /Users/malcolm/scratch/make_crys/Snowman-0.8-0.637556-1.0/order/0000001500
.png>
Overfull \hbox (2.61107pt too wide) in paragraph at lines 2450--2460
[]$[]$ $[]$ 

Overfull \hbox (20.23589pt too wide) in paragraph at lines 2390--2461
[]$[]$ $[]$

Overfull \hbox (2.61107pt too wide) in paragraph at lines 2390--2461
[]$ $[]$

Overfull \hbox (2.61107pt too wide) in paragraph at lines 2390--2461
[]$ $[]$ 
[67] [68]
<use /Users/malcolm/scratch/make_crys/Snowman-0.8-0.637556-1.0/short_order.png>
<use /Users/malcolm/scratch/make_crys/Snowman-0.8-0.637556-1.0/msd.png>
<use /Users/malcolm/scratch/make_crys/Snowman-0.8-0.637556-1.0/rotation.png>
<use /Users/malcolm/scratch/make_crys/Snowman-0.8-0.637556-1.0/histogram.png>
<use /Users/malcolm/scratch/make_crys/Snowman-0.8-0.637556-1.0/props.png>
</Users/malcolm/scratch/make_crys/Snowman-0.8-0.637556-1.637556/order/000000100
0.png, id=300, 602.25pt x 602.25pt>
<use /Users/malcolm/scratch/make_crys/Snowman-0.8-0.637556-1.637556/order/00000
01000.png>
</Users/malcolm/scratch/make_crys/Snowman-0.8-0.637556-1.637556/order/000000109
8.png, id=301, 602.25pt x 602.25pt>
<use /Users/malcolm/scratch/make_crys/Snowman-0.8-0.637556-1.637556/order/00000
01098.png>
Overfull \hbox (2.61107pt too wide) in paragraph at lines 2522--2532
[]$[]$ $[]$ 

Overfull \hbox (20.23589pt too wide) in paragraph at lines 2462--2533
[]$[]$ $[]$

Overfull \hbox (2.61107pt too wide) in paragraph at lines 2462--2533
[]$ $[]$

Overfull \hbox (2.61107pt too wide) in paragraph at lines 2462--2533
[]$ $[]$ 
[69] [70]
</Users/malcolm/scratch/make_crys/Snowman-0.8-0.637556-1.637556/short_order.png
, id=308, 602.25pt x 602.25pt>
<use /Users/malcolm/scratch/make_crys/Snowman-0.8-0.637556-1.637556/short_order
.png>
</Users/malcolm/scratch/make_crys/Snowman-0.8-0.637556-1.637556/msd.png, id=309
, 602.25pt x 602.25pt>
<use /Users/malcolm/scratch/make_crys/Snowman-0.8-0.637556-1.637556/msd.png>
</Users/malcolm/scratch/make_crys/Snowman-0.8-0.637556-1.637556/rotation.png, i
d=310, 602.25pt x 602.25pt>
<use /Users/malcolm/scratch/make_crys/Snowman-0.8-0.637556-1.637556/rotation.pn
g>
</Users/malcolm/scratch/make_crys/Snowman-0.8-0.637556-1.637556/histogram.png, 
id=311, 481.8pt x 361.35pt>
<use /Users/malcolm/scratch/make_crys/Snowman-0.8-0.637556-1.637556/histogram.p
ng>
</Users/malcolm/scratch/make_crys/Snowman-0.8-0.637556-1.637556/props.png, id=3
12, 602.25pt x 602.25pt>
<use /Users/malcolm/scratch/make_crys/Snowman-0.8-0.637556-1.637556/props.png>
<use /Users/malcolm/scratch/make_crys/Snowman-0.8-0.637556-1.637556/order/00000
01000.png>
<use /Users/malcolm/scratch/make_crys/Snowman-0.8-0.637556-1.637556/order/00000
01098.png>
Overfull \hbox (2.61107pt too wide) in paragraph at lines 2594--2604
[]$[]$ $[]$ 

Overfull \hbox (20.23589pt too wide) in paragraph at lines 2534--2605
[]$[]$ $[]$

Overfull \hbox (2.61107pt too wide) in paragraph at lines 2534--2605
[]$ $[]$

Overfull \hbox (2.61107pt too wide) in paragraph at lines 2534--2605
[]$ $[]$ 
[71 </Users/malcolm/scratch/make_crys/Snowman-0.8-0.637556-1.637556/order/00000
01000.png> </Users/malcolm/scratch/make_crys/Snowman-0.8-0.637556-1.637556/orde
r/0000001098.png> </Users/malcolm/scratch/make_crys/Snowman-0.8-0.637556-1.6375
56/short_order.png> </Users/malcolm/scratch/make_crys/Snowman-0.8-0.637556-1.63
7556/msd.png (PNG copy)>] [72 </Users/malcolm/scratch/make_crys/Snowman-0.8-0.6
37556-1.637556/rotation.png (PNG copy)> </Users/malcolm/scratch/make_crys/Snowm
an-0.8-0.637556-1.637556/histogram.png> </Users/malcolm/scratch/make_crys/Snowm
an-0.8-0.637556-1.637556/props.png (PNG copy)>]
<use /Users/malcolm/scratch/make_crys/Snowman-0.8-0.637556-1.637556/short_order
.png>
<use /Users/malcolm/scratch/make_crys/Snowman-0.8-0.637556-1.637556/msd.png>
<use /Users/malcolm/scratch/make_crys/Snowman-0.8-0.637556-1.637556/rotation.pn
g>
<use /Users/malcolm/scratch/make_crys/Snowman-0.8-0.637556-1.637556/histogram.p
ng>
<use /Users/malcolm/scratch/make_crys/Snowman-0.8-0.637556-1.637556/props.png>
<use /Users/malcolm/scratch/make_crys/Snowman-0.8-0.637556-1.637556/order/00000
01000.png>
<use /Users/malcolm/scratch/make_crys/Snowman-0.8-0.637556-1.637556/order/00000
01098.png>
Overfull \hbox (2.61107pt too wide) in paragraph at lines 2666--2676
[]$[]$ $[]$ 

Overfull \hbox (20.23589pt too wide) in paragraph at lines 2606--2677
[]$[]$ $[]$

Overfull \hbox (2.61107pt too wide) in paragraph at lines 2606--2677
[]$ $[]$

Overfull \hbox (2.61107pt too wide) in paragraph at lines 2606--2677
[]$ $[]$ 
[73] [74]
<use /Users/malcolm/scratch/make_crys/Snowman-0.8-0.637556-1.637556/short_order
.png>
<use /Users/malcolm/scratch/make_crys/Snowman-0.8-0.637556-1.637556/msd.png>
<use /Users/malcolm/scratch/make_crys/Snowman-0.8-0.637556-1.637556/rotation.pn
g>
<use /Users/malcolm/scratch/make_crys/Snowman-0.8-0.637556-1.637556/histogram.p
ng>
<use /Users/malcolm/scratch/make_crys/Snowman-0.8-0.637556-1.637556/props.png>
<use /Users/malcolm/scratch/make_crys/Snowman-0.8-0.637556-1.637556/order/00000
01000.png>
<use /Users/malcolm/scratch/make_crys/Snowman-0.8-0.637556-1.637556/order/00000
01098.png>
Overfull \hbox (2.61107pt too wide) in paragraph at lines 2738--2748
[]$[]$ $[]$ 

Overfull \hbox (20.23589pt too wide) in paragraph at lines 2678--2749
[]$[]$ $[]$

Overfull \hbox (2.61107pt too wide) in paragraph at lines 2678--2749
[]$ $[]$

Overfull \hbox (2.61107pt too wide) in paragraph at lines 2678--2749
[]$ $[]$ 
[75] [76]
<use /Users/malcolm/scratch/make_crys/Snowman-0.8-0.637556-1.637556/short_order
.png>
<use /Users/malcolm/scratch/make_crys/Snowman-0.8-0.637556-1.637556/msd.png>
<use /Users/malcolm/scratch/make_crys/Snowman-0.8-0.637556-1.637556/rotation.pn
g>
<use /Users/malcolm/scratch/make_crys/Snowman-0.8-0.637556-1.637556/histogram.p
ng>
<use /Users/malcolm/scratch/make_crys/Snowman-0.8-0.637556-1.637556/props.png>
<use /Users/malcolm/scratch/make_crys/Snowman-0.8-0.637556-1.637556/order/00000
01000.png>
<use /Users/malcolm/scratch/make_crys/Snowman-0.8-0.637556-1.637556/order/00000
01098.png>
Overfull \hbox (2.61107pt too wide) in paragraph at lines 2810--2820
[]$[]$ $[]$ 

Overfull \hbox (20.23589pt too wide) in paragraph at lines 2750--2821
[]$[]$ $[]$

Overfull \hbox (2.61107pt too wide) in paragraph at lines 2750--2821
[]$ $[]$

Overfull \hbox (2.61107pt too wide) in paragraph at lines 2750--2821
[]$ $[]$ 
[77] [78]
<use /Users/malcolm/scratch/make_crys/Snowman-0.8-0.637556-1.637556/short_order
.png>
<use /Users/malcolm/scratch/make_crys/Snowman-0.8-0.637556-1.637556/msd.png>
<use /Users/malcolm/scratch/make_crys/Snowman-0.8-0.637556-1.637556/rotation.pn
g>
<use /Users/malcolm/scratch/make_crys/Snowman-0.8-0.637556-1.637556/histogram.p
ng>
<use /Users/malcolm/scratch/make_crys/Snowman-0.8-0.637556-1.637556/props.png>
</Users/malcolm/scratch/make_crys/Snowman-1.0-0.637556-1.0/order/0000001400.png
, id=342, 602.25pt x 602.25pt>
<use /Users/malcolm/scratch/make_crys/Snowman-1.0-0.637556-1.0/order/0000001400
.png>
</Users/malcolm/scratch/make_crys/Snowman-1.0-0.637556-1.0/order/0000001499.png
, id=343, 602.25pt x 602.25pt>
<use /Users/malcolm/scratch/make_crys/Snowman-1.0-0.637556-1.0/order/0000001499
.png>
Overfull \hbox (2.61107pt too wide) in paragraph at lines 2882--2892
[]$[]$ $[]$ 

Overfull \hbox (20.23589pt too wide) in paragraph at lines 2822--2893
[]$[]$ $[]$

Overfull \hbox (2.61107pt too wide) in paragraph at lines 2822--2893
[]$ $[]$

Overfull \hbox (2.61107pt too wide) in paragraph at lines 2822--2893
[]$ $[]$ 
[79] [80]
</Users/malcolm/scratch/make_crys/Snowman-1.0-0.637556-1.0/short_order.png, id=
351, 602.25pt x 602.25pt>
<use /Users/malcolm/scratch/make_crys/Snowman-1.0-0.637556-1.0/short_order.png>

</Users/malcolm/scratch/make_crys/Snowman-1.0-0.637556-1.0/msd.png, id=352, 602
.25pt x 602.25pt>
<use /Users/malcolm/scratch/make_crys/Snowman-1.0-0.637556-1.0/msd.png>
</Users/malcolm/scratch/make_crys/Snowman-1.0-0.637556-1.0/rotation.png, id=353
, 602.25pt x 602.25pt>
<use /Users/malcolm/scratch/make_crys/Snowman-1.0-0.637556-1.0/rotation.png>
</Users/malcolm/scratch/make_crys/Snowman-1.0-0.637556-1.0/histogram.png, id=35
4, 481.8pt x 361.35pt>
<use /Users/malcolm/scratch/make_crys/Snowman-1.0-0.637556-1.0/histogram.png>
</Users/malcolm/scratch/make_crys/Snowman-1.0-0.637556-1.0/props.png, id=355, 6
02.25pt x 602.25pt>
<use /Users/malcolm/scratch/make_crys/Snowman-1.0-0.637556-1.0/props.png>
<use /Users/malcolm/scratch/make_crys/Snowman-1.0-0.637556-1.0/order/0000001400
.png>
<use /Users/malcolm/scratch/make_crys/Snowman-1.0-0.637556-1.0/order/0000001499
.png>
Overfull \hbox (2.61107pt too wide) in paragraph at lines 2954--2964
[]$[]$ $[]$ 

Overfull \hbox (20.23589pt too wide) in paragraph at lines 2894--2965
[]$[]$ $[]$

Overfull \hbox (2.61107pt too wide) in paragraph at lines 2894--2965
[]$ $[]$

Overfull \hbox (2.61107pt too wide) in paragraph at lines 2894--2965
[]$ $[]$ 
[81 </Users/malcolm/scratch/make_crys/Snowman-1.0-0.637556-1.0/order/0000001400
.png> </Users/malcolm/scratch/make_crys/Snowman-1.0-0.637556-1.0/order/00000014
99.png> </Users/malcolm/scratch/make_crys/Snowman-1.0-0.637556-1.0/short_order.
png> </Users/malcolm/scratch/make_crys/Snowman-1.0-0.637556-1.0/msd.png (PNG co
py)>] [82 </Users/malcolm/scratch/make_crys/Snowman-1.0-0.637556-1.0/rotation.p
ng (PNG copy)> </Users/malcolm/scratch/make_crys/Snowman-1.0-0.637556-1.0/histo
gram.png> </Users/malcolm/scratch/make_crys/Snowman-1.0-0.637556-1.0/props.png 
(PNG copy)>]
<use /Users/malcolm/scratch/make_crys/Snowman-1.0-0.637556-1.0/short_order.png>
<use /Users/malcolm/scratch/make_crys/Snowman-1.0-0.637556-1.0/msd.png>
<use /Users/malcolm/scratch/make_crys/Snowman-1.0-0.637556-1.0/rotation.png>
<use /Users/malcolm/scratch/make_crys/Snowman-1.0-0.637556-1.0/histogram.png>
<use /Users/malcolm/scratch/make_crys/Snowman-1.0-0.637556-1.0/props.png>
<use /Users/malcolm/scratch/make_crys/Snowman-1.0-0.637556-1.0/order/0000001400
.png>
<use /Users/malcolm/scratch/make_crys/Snowman-1.0-0.637556-1.0/order/0000001499
.png>
Overfull \hbox (2.61107pt too wide) in paragraph at lines 3026--3036
[]$[]$ $[]$ 

Overfull \hbox (20.23589pt too wide) in paragraph at lines 2966--3037
[]$[]$ $[]$

Overfull \hbox (2.61107pt too wide) in paragraph at lines 2966--3037
[]$ $[]$

Overfull \hbox (2.61107pt too wide) in paragraph at lines 2966--3037
[]$ $[]$ 
[83] [84]
<use /Users/malcolm/scratch/make_crys/Snowman-1.0-0.637556-1.0/short_order.png>
<use /Users/malcolm/scratch/make_crys/Snowman-1.0-0.637556-1.0/msd.png>
<use /Users/malcolm/scratch/make_crys/Snowman-1.0-0.637556-1.0/rotation.png>
<use /Users/malcolm/scratch/make_crys/Snowman-1.0-0.637556-1.0/histogram.png>
<use /Users/malcolm/scratch/make_crys/Snowman-1.0-0.637556-1.0/props.png>
<use /Users/malcolm/scratch/make_crys/Snowman-1.0-0.637556-1.0/order/0000001400
.png>
<use /Users/malcolm/scratch/make_crys/Snowman-1.0-0.637556-1.0/order/0000001499
.png>
Overfull \hbox (2.61107pt too wide) in paragraph at lines 3098--3108
[]$[]$ $[]$ 

Overfull \hbox (20.23589pt too wide) in paragraph at lines 3038--3109
[]$[]$ $[]$

Overfull \hbox (2.61107pt too wide) in paragraph at lines 3038--3109
[]$ $[]$

Overfull \hbox (2.61107pt too wide) in paragraph at lines 3038--3109
[]$ $[]$ 
[85] [86]
<use /Users/malcolm/scratch/make_crys/Snowman-1.0-0.637556-1.0/short_order.png>
<use /Users/malcolm/scratch/make_crys/Snowman-1.0-0.637556-1.0/msd.png>
<use /Users/malcolm/scratch/make_crys/Snowman-1.0-0.637556-1.0/rotation.png>
<use /Users/malcolm/scratch/make_crys/Snowman-1.0-0.637556-1.0/histogram.png>
<use /Users/malcolm/scratch/make_crys/Snowman-1.0-0.637556-1.0/props.png>
<use /Users/malcolm/scratch/make_crys/Snowman-1.0-0.637556-1.0/order/0000001400
.png>
<use /Users/malcolm/scratch/make_crys/Snowman-1.0-0.637556-1.0/order/0000001499
.png>
Overfull \hbox (2.61107pt too wide) in paragraph at lines 3170--3180
[]$[]$ $[]$ 

Overfull \hbox (20.23589pt too wide) in paragraph at lines 3110--3181
[]$[]$ $[]$

Overfull \hbox (2.61107pt too wide) in paragraph at lines 3110--3181
[]$ $[]$

Overfull \hbox (2.61107pt too wide) in paragraph at lines 3110--3181
[]$ $[]$ 
[87] [88]
<use /Users/malcolm/scratch/make_crys/Snowman-1.0-0.637556-1.0/short_order.png>
<use /Users/malcolm/scratch/make_crys/Snowman-1.0-0.637556-1.0/msd.png>
<use /Users/malcolm/scratch/make_crys/Snowman-1.0-0.637556-1.0/rotation.png>
<use /Users/malcolm/scratch/make_crys/Snowman-1.0-0.637556-1.0/histogram.png>
<use /Users/malcolm/scratch/make_crys/Snowman-1.0-0.637556-1.0/props.png>
</Users/malcolm/scratch/make_crys/Snowman-1.0-0.637556-1.637556/order/000000110
0.png, id=385, 602.25pt x 602.25pt>
<use /Users/malcolm/scratch/make_crys/Snowman-1.0-0.637556-1.637556/order/00000
01100.png>
</Users/malcolm/scratch/make_crys/Snowman-1.0-0.637556-1.637556/order/000000110
8.png, id=386, 602.25pt x 602.25pt>
<use /Users/malcolm/scratch/make_crys/Snowman-1.0-0.637556-1.637556/order/00000
01108.png>
Overfull \hbox (2.61107pt too wide) in paragraph at lines 3242--3252
[]$[]$ $[]$ 

Overfull \hbox (20.23589pt too wide) in paragraph at lines 3182--3253
[]$[]$ $[]$

Overfull \hbox (2.61107pt too wide) in paragraph at lines 3182--3253
[]$ $[]$

Overfull \hbox (2.61107pt too wide) in paragraph at lines 3182--3253
[]$ $[]$ 
[89] [90]
</Users/malcolm/scratch/make_crys/Snowman-1.0-0.637556-1.637556/short_order.png
, id=393, 602.25pt x 602.25pt>
<use /Users/malcolm/scratch/make_crys/Snowman-1.0-0.637556-1.637556/short_order
.png>
</Users/malcolm/scratch/make_crys/Snowman-1.0-0.637556-1.637556/msd.png, id=394
, 602.25pt x 602.25pt>
<use /Users/malcolm/scratch/make_crys/Snowman-1.0-0.637556-1.637556/msd.png>
</Users/malcolm/scratch/make_crys/Snowman-1.0-0.637556-1.637556/rotation.png, i
d=395, 602.25pt x 602.25pt>
<use /Users/malcolm/scratch/make_crys/Snowman-1.0-0.637556-1.637556/rotation.pn
g>
</Users/malcolm/scratch/make_crys/Snowman-1.0-0.637556-1.637556/histogram.png, 
id=396, 481.8pt x 361.35pt>
<use /Users/malcolm/scratch/make_crys/Snowman-1.0-0.637556-1.637556/histogram.p
ng>
</Users/malcolm/scratch/make_crys/Snowman-1.0-0.637556-1.637556/props.png, id=3
97, 602.25pt x 602.25pt>
<use /Users/malcolm/scratch/make_crys/Snowman-1.0-0.637556-1.637556/props.png>
<use /Users/malcolm/scratch/make_crys/Snowman-1.0-0.637556-1.637556/order/00000
01100.png>
<use /Users/malcolm/scratch/make_crys/Snowman-1.0-0.637556-1.637556/order/00000
01108.png>
Overfull \hbox (2.61107pt too wide) in paragraph at lines 3314--3324
[]$[]$ $[]$ 

Overfull \hbox (20.23589pt too wide) in paragraph at lines 3254--3325
[]$[]$ $[]$

Overfull \hbox (2.61107pt too wide) in paragraph at lines 3254--3325
[]$ $[]$

Overfull \hbox (2.61107pt too wide) in paragraph at lines 3254--3325
[]$ $[]$ 
[91 </Users/malcolm/scratch/make_crys/Snowman-1.0-0.637556-1.637556/order/00000
01100.png> </Users/malcolm/scratch/make_crys/Snowman-1.0-0.637556-1.637556/orde
r/0000001108.png> </Users/malcolm/scratch/make_crys/Snowman-1.0-0.637556-1.6375
56/short_order.png> </Users/malcolm/scratch/make_crys/Snowman-1.0-0.637556-1.63
7556/msd.png (PNG copy)>] [92 </Users/malcolm/scratch/make_crys/Snowman-1.0-0.6
37556-1.637556/rotation.png (PNG copy)> </Users/malcolm/scratch/make_crys/Snowm
an-1.0-0.637556-1.637556/histogram.png> </Users/malcolm/scratch/make_crys/Snowm
an-1.0-0.637556-1.637556/props.png (PNG copy)>]
<use /Users/malcolm/scratch/make_crys/Snowman-1.0-0.637556-1.637556/short_order
.png>
<use /Users/malcolm/scratch/make_crys/Snowman-1.0-0.637556-1.637556/msd.png>
<use /Users/malcolm/scratch/make_crys/Snowman-1.0-0.637556-1.637556/rotation.pn
g>
<use /Users/malcolm/scratch/make_crys/Snowman-1.0-0.637556-1.637556/histogram.p
ng>
<use /Users/malcolm/scratch/make_crys/Snowman-1.0-0.637556-1.637556/props.png>
<use /Users/malcolm/scratch/make_crys/Snowman-1.0-0.637556-1.637556/order/00000
01100.png>
<use /Users/malcolm/scratch/make_crys/Snowman-1.0-0.637556-1.637556/order/00000
01108.png>
Overfull \hbox (2.61107pt too wide) in paragraph at lines 3386--3396
[]$[]$ $[]$ 

Overfull \hbox (20.23589pt too wide) in paragraph at lines 3326--3397
[]$[]$ $[]$

Overfull \hbox (2.61107pt too wide) in paragraph at lines 3326--3397
[]$ $[]$

Overfull \hbox (2.61107pt too wide) in paragraph at lines 3326--3397
[]$ $[]$ 
[93] [94]
<use /Users/malcolm/scratch/make_crys/Snowman-1.0-0.637556-1.637556/short_order
.png>
<use /Users/malcolm/scratch/make_crys/Snowman-1.0-0.637556-1.637556/msd.png>
<use /Users/malcolm/scratch/make_crys/Snowman-1.0-0.637556-1.637556/rotation.pn
g>
<use /Users/malcolm/scratch/make_crys/Snowman-1.0-0.637556-1.637556/histogram.p
ng>
<use /Users/malcolm/scratch/make_crys/Snowman-1.0-0.637556-1.637556/props.png>
<use /Users/malcolm/scratch/make_crys/Snowman-1.0-0.637556-1.637556/order/00000
01100.png>
<use /Users/malcolm/scratch/make_crys/Snowman-1.0-0.637556-1.637556/order/00000
01108.png>
Overfull \hbox (2.61107pt too wide) in paragraph at lines 3458--3468
[]$[]$ $[]$ 

Overfull \hbox (20.23589pt too wide) in paragraph at lines 3398--3469
[]$[]$ $[]$

Overfull \hbox (2.61107pt too wide) in paragraph at lines 3398--3469
[]$ $[]$

Overfull \hbox (2.61107pt too wide) in paragraph at lines 3398--3469
[]$ $[]$ 
[95] [96]
<use /Users/malcolm/scratch/make_crys/Snowman-1.0-0.637556-1.637556/short_order
.png>
<use /Users/malcolm/scratch/make_crys/Snowman-1.0-0.637556-1.637556/msd.png>
<use /Users/malcolm/scratch/make_crys/Snowman-1.0-0.637556-1.637556/rotation.pn
g>
<use /Users/malcolm/scratch/make_crys/Snowman-1.0-0.637556-1.637556/histogram.p
ng>
<use /Users/malcolm/scratch/make_crys/Snowman-1.0-0.637556-1.637556/props.png>
<use /Users/malcolm/scratch/make_crys/Snowman-1.0-0.637556-1.637556/order/00000
01100.png>
<use /Users/malcolm/scratch/make_crys/Snowman-1.0-0.637556-1.637556/order/00000
01108.png>
Overfull \hbox (2.61107pt too wide) in paragraph at lines 3530--3540
[]$[]$ $[]$ 

Overfull \hbox (20.23589pt too wide) in paragraph at lines 3470--3541
[]$[]$ $[]$

Overfull \hbox (2.61107pt too wide) in paragraph at lines 3470--3541
[]$ $[]$

Overfull \hbox (2.61107pt too wide) in paragraph at lines 3470--3541
[]$ $[]$ 
[97] [98]
<use /Users/malcolm/scratch/make_crys/Snowman-1.0-0.637556-1.637556/short_order
.png>
<use /Users/malcolm/scratch/make_crys/Snowman-1.0-0.637556-1.637556/msd.png>
<use /Users/malcolm/scratch/make_crys/Snowman-1.0-0.637556-1.637556/rotation.pn
g>
<use /Users/malcolm/scratch/make_crys/Snowman-1.0-0.637556-1.637556/histogram.p
ng>
<use /Users/malcolm/scratch/make_crys/Snowman-1.0-0.637556-1.637556/props.png>
</Users/malcolm/scratch/make_crys/Snowman-2.0-0.637556-1.0/order/0000001400.png
, id=428, 602.25pt x 602.25pt>
<use /Users/malcolm/scratch/make_crys/Snowman-2.0-0.637556-1.0/order/0000001400
.png>
</Users/malcolm/scratch/make_crys/Snowman-2.0-0.637556-1.0/order/0000001474.png
, id=429, 602.25pt x 602.25pt>
<use /Users/malcolm/scratch/make_crys/Snowman-2.0-0.637556-1.0/order/0000001474
.png>
Overfull \hbox (2.61107pt too wide) in paragraph at lines 3602--3612
[]$[]$ $[]$ 

Overfull \hbox (20.23589pt too wide) in paragraph at lines 3542--3613
[]$[]$ $[]$

Overfull \hbox (2.61107pt too wide) in paragraph at lines 3542--3613
[]$ $[]$

Overfull \hbox (2.61107pt too wide) in paragraph at lines 3542--3613
[]$ $[]$ 
[99] [100]
</Users/malcolm/scratch/make_crys/Snowman-2.0-0.637556-1.0/short_order.png, id=
437, 602.25pt x 602.25pt>
<use /Users/malcolm/scratch/make_crys/Snowman-2.0-0.637556-1.0/short_order.png>

</Users/malcolm/scratch/make_crys/Snowman-2.0-0.637556-1.0/msd.png, id=438, 602
.25pt x 602.25pt>
<use /Users/malcolm/scratch/make_crys/Snowman-2.0-0.637556-1.0/msd.png>
</Users/malcolm/scratch/make_crys/Snowman-2.0-0.637556-1.0/rotation.png, id=439
, 602.25pt x 602.25pt>
<use /Users/malcolm/scratch/make_crys/Snowman-2.0-0.637556-1.0/rotation.png>
</Users/malcolm/scratch/make_crys/Snowman-2.0-0.637556-1.0/histogram.png, id=44
0, 481.8pt x 361.35pt>
<use /Users/malcolm/scratch/make_crys/Snowman-2.0-0.637556-1.0/histogram.png>
</Users/malcolm/scratch/make_crys/Snowman-2.0-0.637556-1.0/props.png, id=441, 6
02.25pt x 602.25pt>
<use /Users/malcolm/scratch/make_crys/Snowman-2.0-0.637556-1.0/props.png>
<use /Users/malcolm/scratch/make_crys/Snowman-2.0-0.637556-1.0/order/0000001400
.png>
<use /Users/malcolm/scratch/make_crys/Snowman-2.0-0.637556-1.0/order/0000001474
.png>
Overfull \hbox (2.61107pt too wide) in paragraph at lines 3674--3684
[]$[]$ $[]$ 

Overfull \hbox (20.23589pt too wide) in paragraph at lines 3614--3685
[]$[]$ $[]$

Overfull \hbox (2.61107pt too wide) in paragraph at lines 3614--3685
[]$ $[]$

Overfull \hbox (2.61107pt too wide) in paragraph at lines 3614--3685
[]$ $[]$ 
[101 </Users/malcolm/scratch/make_crys/Snowman-2.0-0.637556-1.0/order/000000140
0.png> </Users/malcolm/scratch/make_crys/Snowman-2.0-0.637556-1.0/order/0000001
474.png> </Users/malcolm/scratch/make_crys/Snowman-2.0-0.637556-1.0/short_order
.png> </Users/malcolm/scratch/make_crys/Snowman-2.0-0.637556-1.0/msd.png (PNG c
opy)>] [102 </Users/malcolm/scratch/make_crys/Snowman-2.0-0.637556-1.0/rotation
.png (PNG copy)> </Users/malcolm/scratch/make_crys/Snowman-2.0-0.637556-1.0/his
togram.png> </Users/malcolm/scratch/make_crys/Snowman-2.0-0.637556-1.0/props.pn
g (PNG copy)>]
<use /Users/malcolm/scratch/make_crys/Snowman-2.0-0.637556-1.0/short_order.png>
<use /Users/malcolm/scratch/make_crys/Snowman-2.0-0.637556-1.0/msd.png>
<use /Users/malcolm/scratch/make_crys/Snowman-2.0-0.637556-1.0/rotation.png>
<use /Users/malcolm/scratch/make_crys/Snowman-2.0-0.637556-1.0/histogram.png>
<use /Users/malcolm/scratch/make_crys/Snowman-2.0-0.637556-1.0/props.png>
<use /Users/malcolm/scratch/make_crys/Snowman-2.0-0.637556-1.0/order/0000001400
.png>
<use /Users/malcolm/scratch/make_crys/Snowman-2.0-0.637556-1.0/order/0000001474
.png>
Overfull \hbox (2.61107pt too wide) in paragraph at lines 3746--3756
[]$[]$ $[]$ 

Overfull \hbox (20.23589pt too wide) in paragraph at lines 3686--3757
[]$[]$ $[]$

Overfull \hbox (2.61107pt too wide) in paragraph at lines 3686--3757
[]$ $[]$

Overfull \hbox (2.61107pt too wide) in paragraph at lines 3686--3757
[]$ $[]$ 
[103] [104]
<use /Users/malcolm/scratch/make_crys/Snowman-2.0-0.637556-1.0/short_order.png>
<use /Users/malcolm/scratch/make_crys/Snowman-2.0-0.637556-1.0/msd.png>
<use /Users/malcolm/scratch/make_crys/Snowman-2.0-0.637556-1.0/rotation.png>
<use /Users/malcolm/scratch/make_crys/Snowman-2.0-0.637556-1.0/histogram.png>
<use /Users/malcolm/scratch/make_crys/Snowman-2.0-0.637556-1.0/props.png>
<use /Users/malcolm/scratch/make_crys/Snowman-2.0-0.637556-1.0/order/0000001400
.png>
<use /Users/malcolm/scratch/make_crys/Snowman-2.0-0.637556-1.0/order/0000001474
.png>
Overfull \hbox (2.61107pt too wide) in paragraph at lines 3818--3828
[]$[]$ $[]$ 

Overfull \hbox (20.23589pt too wide) in paragraph at lines 3758--3829
[]$[]$ $[]$

Overfull \hbox (2.61107pt too wide) in paragraph at lines 3758--3829
[]$ $[]$

Overfull \hbox (2.61107pt too wide) in paragraph at lines 3758--3829
[]$ $[]$ 
[105] [106]
<use /Users/malcolm/scratch/make_crys/Snowman-2.0-0.637556-1.0/short_order.png>
<use /Users/malcolm/scratch/make_crys/Snowman-2.0-0.637556-1.0/msd.png>
<use /Users/malcolm/scratch/make_crys/Snowman-2.0-0.637556-1.0/rotation.png>
<use /Users/malcolm/scratch/make_crys/Snowman-2.0-0.637556-1.0/histogram.png>
<use /Users/malcolm/scratch/make_crys/Snowman-2.0-0.637556-1.0/props.png>
<use /Users/malcolm/scratch/make_crys/Snowman-2.0-0.637556-1.0/order/0000001400
.png>
<use /Users/malcolm/scratch/make_crys/Snowman-2.0-0.637556-1.0/order/0000001474
.png>
Overfull \hbox (2.61107pt too wide) in paragraph at lines 3890--3900
[]$[]$ $[]$ 

Overfull \hbox (20.23589pt too wide) in paragraph at lines 3830--3901
[]$[]$ $[]$

Overfull \hbox (2.61107pt too wide) in paragraph at lines 3830--3901
[]$ $[]$

Overfull \hbox (2.61107pt too wide) in paragraph at lines 3830--3901
[]$ $[]$ 
[107] [108]
<use /Users/malcolm/scratch/make_crys/Snowman-2.0-0.637556-1.0/short_order.png>
<use /Users/malcolm/scratch/make_crys/Snowman-2.0-0.637556-1.0/msd.png>
<use /Users/malcolm/scratch/make_crys/Snowman-2.0-0.637556-1.0/rotation.png>
<use /Users/malcolm/scratch/make_crys/Snowman-2.0-0.637556-1.0/histogram.png>
<use /Users/malcolm/scratch/make_crys/Snowman-2.0-0.637556-1.0/props.png>
</Users/malcolm/scratch/make_crys/Snowman-2.0-0.637556-1.637556/order/000000110
0.png, id=471, 602.25pt x 602.25pt>
<use /Users/malcolm/scratch/make_crys/Snowman-2.0-0.637556-1.637556/order/00000
01100.png>
</Users/malcolm/scratch/make_crys/Snowman-2.0-0.637556-1.637556/order/000000113
0.png, id=472, 602.25pt x 602.25pt>
<use /Users/malcolm/scratch/make_crys/Snowman-2.0-0.637556-1.637556/order/00000
01130.png>
Overfull \hbox (2.61107pt too wide) in paragraph at lines 3962--3972
[]$[]$ $[]$ 

Overfull \hbox (20.23589pt too wide) in paragraph at lines 3902--3973
[]$[]$ $[]$

Overfull \hbox (2.61107pt too wide) in paragraph at lines 3902--3973
[]$ $[]$

Overfull \hbox (2.61107pt too wide) in paragraph at lines 3902--3973
[]$ $[]$ 
[109] [110]
</Users/malcolm/scratch/make_crys/Snowman-2.0-0.637556-1.637556/short_order.png
, id=480, 602.25pt x 602.25pt>
<use /Users/malcolm/scratch/make_crys/Snowman-2.0-0.637556-1.637556/short_order
.png>
</Users/malcolm/scratch/make_crys/Snowman-2.0-0.637556-1.637556/msd.png, id=481
, 602.25pt x 602.25pt>
<use /Users/malcolm/scratch/make_crys/Snowman-2.0-0.637556-1.637556/msd.png>
</Users/malcolm/scratch/make_crys/Snowman-2.0-0.637556-1.637556/rotation.png, i
d=482, 602.25pt x 602.25pt>
<use /Users/malcolm/scratch/make_crys/Snowman-2.0-0.637556-1.637556/rotation.pn
g>
</Users/malcolm/scratch/make_crys/Snowman-2.0-0.637556-1.637556/histogram.png, 
id=483, 481.8pt x 361.35pt>
<use /Users/malcolm/scratch/make_crys/Snowman-2.0-0.637556-1.637556/histogram.p
ng>
</Users/malcolm/scratch/make_crys/Snowman-2.0-0.637556-1.637556/props.png, id=4
84, 602.25pt x 602.25pt>
<use /Users/malcolm/scratch/make_crys/Snowman-2.0-0.637556-1.637556/props.png>
<use /Users/malcolm/scratch/make_crys/Snowman-2.0-0.637556-1.637556/order/00000
01100.png>
<use /Users/malcolm/scratch/make_crys/Snowman-2.0-0.637556-1.637556/order/00000
01130.png>
Overfull \hbox (2.61107pt too wide) in paragraph at lines 4034--4044
[]$[]$ $[]$ 

Overfull \hbox (20.23589pt too wide) in paragraph at lines 3974--4045
[]$[]$ $[]$

Overfull \hbox (2.61107pt too wide) in paragraph at lines 3974--4045
[]$ $[]$

Overfull \hbox (2.61107pt too wide) in paragraph at lines 3974--4045
[]$ $[]$ 
[111 </Users/malcolm/scratch/make_crys/Snowman-2.0-0.637556-1.637556/order/0000
001100.png> </Users/malcolm/scratch/make_crys/Snowman-2.0-0.637556-1.637556/ord
er/0000001130.png> </Users/malcolm/scratch/make_crys/Snowman-2.0-0.637556-1.637
556/short_order.png> </Users/malcolm/scratch/make_crys/Snowman-2.0-0.637556-1.6
37556/msd.png (PNG copy)>] [112 </Users/malcolm/scratch/make_crys/Snowman-2.0-0
.637556-1.637556/rotation.png (PNG copy)> </Users/malcolm/scratch/make_crys/Sno
wman-2.0-0.637556-1.637556/histogram.png> </Users/malcolm/scratch/make_crys/Sno
wman-2.0-0.637556-1.637556/props.png (PNG copy)>]
<use /Users/malcolm/scratch/make_crys/Snowman-2.0-0.637556-1.637556/short_order
.png>
<use /Users/malcolm/scratch/make_crys/Snowman-2.0-0.637556-1.637556/msd.png>
<use /Users/malcolm/scratch/make_crys/Snowman-2.0-0.637556-1.637556/rotation.pn
g>
<use /Users/malcolm/scratch/make_crys/Snowman-2.0-0.637556-1.637556/histogram.p
ng>
<use /Users/malcolm/scratch/make_crys/Snowman-2.0-0.637556-1.637556/props.png>
<use /Users/malcolm/scratch/make_crys/Snowman-2.0-0.637556-1.637556/order/00000
01100.png>
<use /Users/malcolm/scratch/make_crys/Snowman-2.0-0.637556-1.637556/order/00000
01130.png>
Overfull \hbox (2.61107pt too wide) in paragraph at lines 4106--4116
[]$[]$ $[]$ 

Overfull \hbox (20.23589pt too wide) in paragraph at lines 4046--4117
[]$[]$ $[]$

Overfull \hbox (2.61107pt too wide) in paragraph at lines 4046--4117
[]$ $[]$

Overfull \hbox (2.61107pt too wide) in paragraph at lines 4046--4117
[]$ $[]$ 
[113] [114]
<use /Users/malcolm/scratch/make_crys/Snowman-2.0-0.637556-1.637556/short_order
.png>
<use /Users/malcolm/scratch/make_crys/Snowman-2.0-0.637556-1.637556/msd.png>
<use /Users/malcolm/scratch/make_crys/Snowman-2.0-0.637556-1.637556/rotation.pn
g>
<use /Users/malcolm/scratch/make_crys/Snowman-2.0-0.637556-1.637556/histogram.p
ng>
<use /Users/malcolm/scratch/make_crys/Snowman-2.0-0.637556-1.637556/props.png>
<use /Users/malcolm/scratch/make_crys/Snowman-2.0-0.637556-1.637556/order/00000
01100.png>
<use /Users/malcolm/scratch/make_crys/Snowman-2.0-0.637556-1.637556/order/00000
01130.png>
Overfull \hbox (2.61107pt too wide) in paragraph at lines 4178--4188
[]$[]$ $[]$ 

Overfull \hbox (20.23589pt too wide) in paragraph at lines 4118--4189
[]$[]$ $[]$

Overfull \hbox (2.61107pt too wide) in paragraph at lines 4118--4189
[]$ $[]$

Overfull \hbox (2.61107pt too wide) in paragraph at lines 4118--4189
[]$ $[]$ 
[115] [116]
<use /Users/malcolm/scratch/make_crys/Snowman-2.0-0.637556-1.637556/short_order
.png>
<use /Users/malcolm/scratch/make_crys/Snowman-2.0-0.637556-1.637556/msd.png>
<use /Users/malcolm/scratch/make_crys/Snowman-2.0-0.637556-1.637556/rotation.pn
g>
<use /Users/malcolm/scratch/make_crys/Snowman-2.0-0.637556-1.637556/histogram.p
ng>
<use /Users/malcolm/scratch/make_crys/Snowman-2.0-0.637556-1.637556/props.png>
<use /Users/malcolm/scratch/make_crys/Snowman-2.0-0.637556-1.637556/order/00000
01100.png>
<use /Users/malcolm/scratch/make_crys/Snowman-2.0-0.637556-1.637556/order/00000
01130.png>
Overfull \hbox (2.61107pt too wide) in paragraph at lines 4250--4260
[]$[]$ $[]$ 

Overfull \hbox (20.23589pt too wide) in paragraph at lines 4190--4261
[]$[]$ $[]$

Overfull \hbox (2.61107pt too wide) in paragraph at lines 4190--4261
[]$ $[]$

Overfull \hbox (2.61107pt too wide) in paragraph at lines 4190--4261
[]$ $[]$ 
[117] [118]
<use /Users/malcolm/scratch/make_crys/Snowman-2.0-0.637556-1.637556/short_order
.png>
<use /Users/malcolm/scratch/make_crys/Snowman-2.0-0.637556-1.637556/msd.png>
<use /Users/malcolm/scratch/make_crys/Snowman-2.0-0.637556-1.637556/rotation.pn
g>
<use /Users/malcolm/scratch/make_crys/Snowman-2.0-0.637556-1.637556/histogram.p
ng>
<use /Users/malcolm/scratch/make_crys/Snowman-2.0-0.637556-1.637556/props.png>
</Users/malcolm/scratch/make_crys/Snowman-3.0-0.637556-1.0/order/0000001500.png
, id=514, 602.25pt x 602.25pt>
<use /Users/malcolm/scratch/make_crys/Snowman-3.0-0.637556-1.0/order/0000001500
.png>
</Users/malcolm/scratch/make_crys/Snowman-3.0-0.637556-1.0/order/0000001502.png
, id=515, 602.25pt x 602.25pt>
<use /Users/malcolm/scratch/make_crys/Snowman-3.0-0.637556-1.0/order/0000001502
.png>
Overfull \hbox (2.61107pt too wide) in paragraph at lines 4322--4332
[]$[]$ $[]$ 

Overfull \hbox (20.23589pt too wide) in paragraph at lines 4262--4333
[]$[]$ $[]$

Overfull \hbox (2.61107pt too wide) in paragraph at lines 4262--4333
[]$ $[]$

Overfull \hbox (2.61107pt too wide) in paragraph at lines 4262--4333
[]$ $[]$ 
[119] [120]
</Users/malcolm/scratch/make_crys/Snowman-3.0-0.637556-1.0/short_order.png, id=
522, 602.25pt x 602.25pt>
<use /Users/malcolm/scratch/make_crys/Snowman-3.0-0.637556-1.0/short_order.png>

</Users/malcolm/scratch/make_crys/Snowman-3.0-0.637556-1.0/msd.png, id=523, 602
.25pt x 602.25pt>
<use /Users/malcolm/scratch/make_crys/Snowman-3.0-0.637556-1.0/msd.png>
</Users/malcolm/scratch/make_crys/Snowman-3.0-0.637556-1.0/rotation.png, id=524
, 602.25pt x 602.25pt>
<use /Users/malcolm/scratch/make_crys/Snowman-3.0-0.637556-1.0/rotation.png>
</Users/malcolm/scratch/make_crys/Snowman-3.0-0.637556-1.0/histogram.png, id=52
5, 481.8pt x 361.35pt>
<use /Users/malcolm/scratch/make_crys/Snowman-3.0-0.637556-1.0/histogram.png>
</Users/malcolm/scratch/make_crys/Snowman-3.0-0.637556-1.0/props.png, id=526, 6
02.25pt x 602.25pt>
<use /Users/malcolm/scratch/make_crys/Snowman-3.0-0.637556-1.0/props.png>
<use /Users/malcolm/scratch/make_crys/Snowman-3.0-0.637556-1.0/order/0000001500
.png>
<use /Users/malcolm/scratch/make_crys/Snowman-3.0-0.637556-1.0/order/0000001502
.png>
Overfull \hbox (2.61107pt too wide) in paragraph at lines 4394--4404
[]$[]$ $[]$ 

Overfull \hbox (20.23589pt too wide) in paragraph at lines 4334--4405
[]$[]$ $[]$

Overfull \hbox (2.61107pt too wide) in paragraph at lines 4334--4405
[]$ $[]$

Overfull \hbox (2.61107pt too wide) in paragraph at lines 4334--4405
[]$ $[]$ 
[121 </Users/malcolm/scratch/make_crys/Snowman-3.0-0.637556-1.0/order/000000150
0.png> </Users/malcolm/scratch/make_crys/Snowman-3.0-0.637556-1.0/order/0000001
502.png> </Users/malcolm/scratch/make_crys/Snowman-3.0-0.637556-1.0/short_order
.png> </Users/malcolm/scratch/make_crys/Snowman-3.0-0.637556-1.0/msd.png (PNG c
opy)>] [122 </Users/malcolm/scratch/make_crys/Snowman-3.0-0.637556-1.0/rotation
.png (PNG copy)> </Users/malcolm/scratch/make_crys/Snowman-3.0-0.637556-1.0/his
togram.png> </Users/malcolm/scratch/make_crys/Snowman-3.0-0.637556-1.0/props.pn
g (PNG copy)>]
<use /Users/malcolm/scratch/make_crys/Snowman-3.0-0.637556-1.0/short_order.png>
<use /Users/malcolm/scratch/make_crys/Snowman-3.0-0.637556-1.0/msd.png>
<use /Users/malcolm/scratch/make_crys/Snowman-3.0-0.637556-1.0/rotation.png>
<use /Users/malcolm/scratch/make_crys/Snowman-3.0-0.637556-1.0/histogram.png>
<use /Users/malcolm/scratch/make_crys/Snowman-3.0-0.637556-1.0/props.png>
<use /Users/malcolm/scratch/make_crys/Snowman-3.0-0.637556-1.0/order/0000001500
.png>
<use /Users/malcolm/scratch/make_crys/Snowman-3.0-0.637556-1.0/order/0000001502
.png>
Overfull \hbox (2.61107pt too wide) in paragraph at lines 4466--4476
[]$[]$ $[]$ 

Overfull \hbox (20.23589pt too wide) in paragraph at lines 4406--4477
[]$[]$ $[]$

Overfull \hbox (2.61107pt too wide) in paragraph at lines 4406--4477
[]$ $[]$

Overfull \hbox (2.61107pt too wide) in paragraph at lines 4406--4477
[]$ $[]$ 
[123] [124]
<use /Users/malcolm/scratch/make_crys/Snowman-3.0-0.637556-1.0/short_order.png>
<use /Users/malcolm/scratch/make_crys/Snowman-3.0-0.637556-1.0/msd.png>
<use /Users/malcolm/scratch/make_crys/Snowman-3.0-0.637556-1.0/rotation.png>
<use /Users/malcolm/scratch/make_crys/Snowman-3.0-0.637556-1.0/histogram.png>
<use /Users/malcolm/scratch/make_crys/Snowman-3.0-0.637556-1.0/props.png>
<use /Users/malcolm/scratch/make_crys/Snowman-3.0-0.637556-1.0/order/0000001500
.png>
<use /Users/malcolm/scratch/make_crys/Snowman-3.0-0.637556-1.0/order/0000001502
.png>
Overfull \hbox (2.61107pt too wide) in paragraph at lines 4538--4548
[]$[]$ $[]$ 

Overfull \hbox (20.23589pt too wide) in paragraph at lines 4478--4549
[]$[]$ $[]$

Overfull \hbox (2.61107pt too wide) in paragraph at lines 4478--4549
[]$ $[]$

Overfull \hbox (2.61107pt too wide) in paragraph at lines 4478--4549
[]$ $[]$ 
[125] [126]
<use /Users/malcolm/scratch/make_crys/Snowman-3.0-0.637556-1.0/short_order.png>
<use /Users/malcolm/scratch/make_crys/Snowman-3.0-0.637556-1.0/msd.png>
<use /Users/malcolm/scratch/make_crys/Snowman-3.0-0.637556-1.0/rotation.png>
<use /Users/malcolm/scratch/make_crys/Snowman-3.0-0.637556-1.0/histogram.png>
<use /Users/malcolm/scratch/make_crys/Snowman-3.0-0.637556-1.0/props.png>
<use /Users/malcolm/scratch/make_crys/Snowman-3.0-0.637556-1.0/order/0000001500
.png>
<use /Users/malcolm/scratch/make_crys/Snowman-3.0-0.637556-1.0/order/0000001502
.png>
Overfull \hbox (2.61107pt too wide) in paragraph at lines 4610--4620
[]$[]$ $[]$ 

Overfull \hbox (20.23589pt too wide) in paragraph at lines 4550--4621
[]$[]$ $[]$

Overfull \hbox (2.61107pt too wide) in paragraph at lines 4550--4621
[]$ $[]$

Overfull \hbox (2.61107pt too wide) in paragraph at lines 4550--4621
[]$ $[]$ 
[127] [128]
<use /Users/malcolm/scratch/make_crys/Snowman-3.0-0.637556-1.0/short_order.png>
<use /Users/malcolm/scratch/make_crys/Snowman-3.0-0.637556-1.0/msd.png>
<use /Users/malcolm/scratch/make_crys/Snowman-3.0-0.637556-1.0/rotation.png>
<use /Users/malcolm/scratch/make_crys/Snowman-3.0-0.637556-1.0/histogram.png>
<use /Users/malcolm/scratch/make_crys/Snowman-3.0-0.637556-1.0/props.png>
</Users/malcolm/scratch/make_crys/Snowman-3.0-0.637556-1.637556/order/000000110
0.png, id=557, 602.25pt x 602.25pt>
<use /Users/malcolm/scratch/make_crys/Snowman-3.0-0.637556-1.637556/order/00000
01100.png>
</Users/malcolm/scratch/make_crys/Snowman-3.0-0.637556-1.637556/order/000000116
2.png, id=558, 602.25pt x 602.25pt>
<use /Users/malcolm/scratch/make_crys/Snowman-3.0-0.637556-1.637556/order/00000
01162.png>
Overfull \hbox (2.61107pt too wide) in paragraph at lines 4682--4692
[]$[]$ $[]$ 

Overfull \hbox (20.23589pt too wide) in paragraph at lines 4622--4693
[]$[]$ $[]$

Overfull \hbox (2.61107pt too wide) in paragraph at lines 4622--4693
[]$ $[]$

Overfull \hbox (2.61107pt too wide) in paragraph at lines 4622--4693
[]$ $[]$ 
[129] [130]
</Users/malcolm/scratch/make_crys/Snowman-3.0-0.637556-1.637556/short_order.png
, id=565, 602.25pt x 602.25pt>
<use /Users/malcolm/scratch/make_crys/Snowman-3.0-0.637556-1.637556/short_order
.png>
</Users/malcolm/scratch/make_crys/Snowman-3.0-0.637556-1.637556/msd.png, id=566
, 602.25pt x 602.25pt>
<use /Users/malcolm/scratch/make_crys/Snowman-3.0-0.637556-1.637556/msd.png>
</Users/malcolm/scratch/make_crys/Snowman-3.0-0.637556-1.637556/rotation.png, i
d=567, 602.25pt x 602.25pt>
<use /Users/malcolm/scratch/make_crys/Snowman-3.0-0.637556-1.637556/rotation.pn
g>
</Users/malcolm/scratch/make_crys/Snowman-3.0-0.637556-1.637556/histogram.png, 
id=568, 481.8pt x 361.35pt>
<use /Users/malcolm/scratch/make_crys/Snowman-3.0-0.637556-1.637556/histogram.p
ng>
</Users/malcolm/scratch/make_crys/Snowman-3.0-0.637556-1.637556/props.png, id=5
69, 602.25pt x 602.25pt>
<use /Users/malcolm/scratch/make_crys/Snowman-3.0-0.637556-1.637556/props.png>
<use /Users/malcolm/scratch/make_crys/Snowman-3.0-0.637556-1.637556/order/00000
01100.png>
<use /Users/malcolm/scratch/make_crys/Snowman-3.0-0.637556-1.637556/order/00000
01162.png>
Overfull \hbox (2.61107pt too wide) in paragraph at lines 4754--4764
[]$[]$ $[]$ 

Overfull \hbox (20.23589pt too wide) in paragraph at lines 4694--4765
[]$[]$ $[]$

Overfull \hbox (2.61107pt too wide) in paragraph at lines 4694--4765
[]$ $[]$

Overfull \hbox (2.61107pt too wide) in paragraph at lines 4694--4765
[]$ $[]$ 
[131 </Users/malcolm/scratch/make_crys/Snowman-3.0-0.637556-1.637556/order/0000
001100.png> </Users/malcolm/scratch/make_crys/Snowman-3.0-0.637556-1.637556/ord
er/0000001162.png> </Users/malcolm/scratch/make_crys/Snowman-3.0-0.637556-1.637
556/short_order.png> </Users/malcolm/scratch/make_crys/Snowman-3.0-0.637556-1.6
37556/msd.png (PNG copy)>] [132 </Users/malcolm/scratch/make_crys/Snowman-3.0-0
.637556-1.637556/rotation.png (PNG copy)> </Users/malcolm/scratch/make_crys/Sno
wman-3.0-0.637556-1.637556/histogram.png> </Users/malcolm/scratch/make_crys/Sno
wman-3.0-0.637556-1.637556/props.png (PNG copy)>]
<use /Users/malcolm/scratch/make_crys/Snowman-3.0-0.637556-1.637556/short_order
.png>
<use /Users/malcolm/scratch/make_crys/Snowman-3.0-0.637556-1.637556/msd.png>
<use /Users/malcolm/scratch/make_crys/Snowman-3.0-0.637556-1.637556/rotation.pn
g>
<use /Users/malcolm/scratch/make_crys/Snowman-3.0-0.637556-1.637556/histogram.p
ng>
<use /Users/malcolm/scratch/make_crys/Snowman-3.0-0.637556-1.637556/props.png>
<use /Users/malcolm/scratch/make_crys/Snowman-3.0-0.637556-1.637556/order/00000
01100.png>
<use /Users/malcolm/scratch/make_crys/Snowman-3.0-0.637556-1.637556/order/00000
01162.png>
Overfull \hbox (2.61107pt too wide) in paragraph at lines 4826--4836
[]$[]$ $[]$ 

Overfull \hbox (20.23589pt too wide) in paragraph at lines 4766--4837
[]$[]$ $[]$

Overfull \hbox (2.61107pt too wide) in paragraph at lines 4766--4837
[]$ $[]$

Overfull \hbox (2.61107pt too wide) in paragraph at lines 4766--4837
[]$ $[]$ 
[133] [134]
<use /Users/malcolm/scratch/make_crys/Snowman-3.0-0.637556-1.637556/short_order
.png>
<use /Users/malcolm/scratch/make_crys/Snowman-3.0-0.637556-1.637556/msd.png>
<use /Users/malcolm/scratch/make_crys/Snowman-3.0-0.637556-1.637556/rotation.pn
g>
<use /Users/malcolm/scratch/make_crys/Snowman-3.0-0.637556-1.637556/histogram.p
ng>
<use /Users/malcolm/scratch/make_crys/Snowman-3.0-0.637556-1.637556/props.png>
<use /Users/malcolm/scratch/make_crys/Snowman-3.0-0.637556-1.637556/order/00000
01100.png>
<use /Users/malcolm/scratch/make_crys/Snowman-3.0-0.637556-1.637556/order/00000
01162.png>
Overfull \hbox (2.61107pt too wide) in paragraph at lines 4898--4908
[]$[]$ $[]$ 

Overfull \hbox (20.23589pt too wide) in paragraph at lines 4838--4909
[]$[]$ $[]$

Overfull \hbox (2.61107pt too wide) in paragraph at lines 4838--4909
[]$ $[]$

Overfull \hbox (2.61107pt too wide) in paragraph at lines 4838--4909
[]$ $[]$ 
[135] [136]
<use /Users/malcolm/scratch/make_crys/Snowman-3.0-0.637556-1.637556/short_order
.png>
<use /Users/malcolm/scratch/make_crys/Snowman-3.0-0.637556-1.637556/msd.png>
<use /Users/malcolm/scratch/make_crys/Snowman-3.0-0.637556-1.637556/rotation.pn
g>
<use /Users/malcolm/scratch/make_crys/Snowman-3.0-0.637556-1.637556/histogram.p
ng>
<use /Users/malcolm/scratch/make_crys/Snowman-3.0-0.637556-1.637556/props.png>
<use /Users/malcolm/scratch/make_crys/Snowman-3.0-0.637556-1.637556/order/00000
01100.png>
<use /Users/malcolm/scratch/make_crys/Snowman-3.0-0.637556-1.637556/order/00000
01162.png>
Overfull \hbox (2.61107pt too wide) in paragraph at lines 4970--4980
[]$[]$ $[]$ 

Overfull \hbox (20.23589pt too wide) in paragraph at lines 4910--4981
[]$[]$ $[]$

Overfull \hbox (2.61107pt too wide) in paragraph at lines 4910--4981
[]$ $[]$

Overfull \hbox (2.61107pt too wide) in paragraph at lines 4910--4981
[]$ $[]$ 
[137] [138]
<use /Users/malcolm/scratch/make_crys/Snowman-3.0-0.637556-1.637556/short_order
.png>
<use /Users/malcolm/scratch/make_crys/Snowman-3.0-0.637556-1.637556/msd.png>
<use /Users/malcolm/scratch/make_crys/Snowman-3.0-0.637556-1.637556/rotation.pn
g>
<use /Users/malcolm/scratch/make_crys/Snowman-3.0-0.637556-1.637556/histogram.p
ng>
<use /Users/malcolm/scratch/make_crys/Snowman-3.0-0.637556-1.637556/props.png>
</Users/malcolm/scratch/make_crys/Snowman-5.0-0.637556-1.0/order/0000001500.png
, id=599, 602.25pt x 602.25pt>
<use /Users/malcolm/scratch/make_crys/Snowman-5.0-0.637556-1.0/order/0000001500
.png>
</Users/malcolm/scratch/make_crys/Snowman-5.0-0.637556-1.0/order/0000001511.png
, id=600, 602.25pt x 602.25pt>
<use /Users/malcolm/scratch/make_crys/Snowman-5.0-0.637556-1.0/order/0000001511
.png>
Overfull \hbox (2.61107pt too wide) in paragraph at lines 5042--5052
[]$[]$ $[]$ 

Overfull \hbox (20.23589pt too wide) in paragraph at lines 4982--5053
[]$[]$ $[]$

Overfull \hbox (2.61107pt too wide) in paragraph at lines 4982--5053
[]$ $[]$

Overfull \hbox (2.61107pt too wide) in paragraph at lines 4982--5053
[]$ $[]$ 
[139] [140]
</Users/malcolm/scratch/make_crys/Snowman-5.0-0.637556-1.0/short_order.png, id=
608, 602.25pt x 602.25pt>
<use /Users/malcolm/scratch/make_crys/Snowman-5.0-0.637556-1.0/short_order.png>

</Users/malcolm/scratch/make_crys/Snowman-5.0-0.637556-1.0/msd.png, id=609, 602
.25pt x 602.25pt>
<use /Users/malcolm/scratch/make_crys/Snowman-5.0-0.637556-1.0/msd.png>
</Users/malcolm/scratch/make_crys/Snowman-5.0-0.637556-1.0/rotation.png, id=610
, 602.25pt x 602.25pt>
<use /Users/malcolm/scratch/make_crys/Snowman-5.0-0.637556-1.0/rotation.png>
</Users/malcolm/scratch/make_crys/Snowman-5.0-0.637556-1.0/histogram.png, id=61
1, 481.8pt x 361.35pt>
<use /Users/malcolm/scratch/make_crys/Snowman-5.0-0.637556-1.0/histogram.png>
</Users/malcolm/scratch/make_crys/Snowman-5.0-0.637556-1.0/props.png, id=612, 6
02.25pt x 602.25pt>
<use /Users/malcolm/scratch/make_crys/Snowman-5.0-0.637556-1.0/props.png>
<use /Users/malcolm/scratch/make_crys/Snowman-5.0-0.637556-1.0/order/0000001500
.png>
<use /Users/malcolm/scratch/make_crys/Snowman-5.0-0.637556-1.0/order/0000001511
.png>
Overfull \hbox (2.61107pt too wide) in paragraph at lines 5114--5124
[]$[]$ $[]$ 

Overfull \hbox (20.23589pt too wide) in paragraph at lines 5054--5125
[]$[]$ $[]$

Overfull \hbox (2.61107pt too wide) in paragraph at lines 5054--5125
[]$ $[]$

Overfull \hbox (2.61107pt too wide) in paragraph at lines 5054--5125
[]$ $[]$ 
[141 </Users/malcolm/scratch/make_crys/Snowman-5.0-0.637556-1.0/order/000000150
0.png> </Users/malcolm/scratch/make_crys/Snowman-5.0-0.637556-1.0/order/0000001
511.png> </Users/malcolm/scratch/make_crys/Snowman-5.0-0.637556-1.0/short_order
.png> </Users/malcolm/scratch/make_crys/Snowman-5.0-0.637556-1.0/msd.png (PNG c
opy)>] [142 </Users/malcolm/scratch/make_crys/Snowman-5.0-0.637556-1.0/rotation
.png (PNG copy)> </Users/malcolm/scratch/make_crys/Snowman-5.0-0.637556-1.0/his
togram.png> </Users/malcolm/scratch/make_crys/Snowman-5.0-0.637556-1.0/props.pn
g (PNG copy)>]
<use /Users/malcolm/scratch/make_crys/Snowman-5.0-0.637556-1.0/short_order.png>
<use /Users/malcolm/scratch/make_crys/Snowman-5.0-0.637556-1.0/msd.png>
<use /Users/malcolm/scratch/make_crys/Snowman-5.0-0.637556-1.0/rotation.png>
<use /Users/malcolm/scratch/make_crys/Snowman-5.0-0.637556-1.0/histogram.png>
<use /Users/malcolm/scratch/make_crys/Snowman-5.0-0.637556-1.0/props.png>
<use /Users/malcolm/scratch/make_crys/Snowman-5.0-0.637556-1.0/order/0000001500
.png>
<use /Users/malcolm/scratch/make_crys/Snowman-5.0-0.637556-1.0/order/0000001511
.png>
Overfull \hbox (2.61107pt too wide) in paragraph at lines 5186--5196
[]$[]$ $[]$ 

Overfull \hbox (20.23589pt too wide) in paragraph at lines 5126--5197
[]$[]$ $[]$

Overfull \hbox (2.61107pt too wide) in paragraph at lines 5126--5197
[]$ $[]$

Overfull \hbox (2.61107pt too wide) in paragraph at lines 5126--5197
[]$ $[]$ 
[143] [144]
<use /Users/malcolm/scratch/make_crys/Snowman-5.0-0.637556-1.0/short_order.png>
<use /Users/malcolm/scratch/make_crys/Snowman-5.0-0.637556-1.0/msd.png>
<use /Users/malcolm/scratch/make_crys/Snowman-5.0-0.637556-1.0/rotation.png>
<use /Users/malcolm/scratch/make_crys/Snowman-5.0-0.637556-1.0/histogram.png>
<use /Users/malcolm/scratch/make_crys/Snowman-5.0-0.637556-1.0/props.png>
<use /Users/malcolm/scratch/make_crys/Snowman-5.0-0.637556-1.0/order/0000001500
.png>
<use /Users/malcolm/scratch/make_crys/Snowman-5.0-0.637556-1.0/order/0000001511
.png>
Overfull \hbox (2.61107pt too wide) in paragraph at lines 5258--5268
[]$[]$ $[]$ 

Overfull \hbox (20.23589pt too wide) in paragraph at lines 5198--5269
[]$[]$ $[]$

Overfull \hbox (2.61107pt too wide) in paragraph at lines 5198--5269
[]$ $[]$

Overfull \hbox (2.61107pt too wide) in paragraph at lines 5198--5269
[]$ $[]$ 
[145] [146]
<use /Users/malcolm/scratch/make_crys/Snowman-5.0-0.637556-1.0/short_order.png>
<use /Users/malcolm/scratch/make_crys/Snowman-5.0-0.637556-1.0/msd.png>
<use /Users/malcolm/scratch/make_crys/Snowman-5.0-0.637556-1.0/rotation.png>
<use /Users/malcolm/scratch/make_crys/Snowman-5.0-0.637556-1.0/histogram.png>
<use /Users/malcolm/scratch/make_crys/Snowman-5.0-0.637556-1.0/props.png>
<use /Users/malcolm/scratch/make_crys/Snowman-5.0-0.637556-1.0/order/0000001500
.png>
<use /Users/malcolm/scratch/make_crys/Snowman-5.0-0.637556-1.0/order/0000001511
.png>
Overfull \hbox (2.61107pt too wide) in paragraph at lines 5330--5340
[]$[]$ $[]$ 

Overfull \hbox (20.23589pt too wide) in paragraph at lines 5270--5341
[]$[]$ $[]$

Overfull \hbox (2.61107pt too wide) in paragraph at lines 5270--5341
[]$ $[]$

Overfull \hbox (2.61107pt too wide) in paragraph at lines 5270--5341
[]$ $[]$ 
[147] [148]
<use /Users/malcolm/scratch/make_crys/Snowman-5.0-0.637556-1.0/short_order.png>
<use /Users/malcolm/scratch/make_crys/Snowman-5.0-0.637556-1.0/msd.png>
<use /Users/malcolm/scratch/make_crys/Snowman-5.0-0.637556-1.0/rotation.png>
<use /Users/malcolm/scratch/make_crys/Snowman-5.0-0.637556-1.0/histogram.png>
<use /Users/malcolm/scratch/make_crys/Snowman-5.0-0.637556-1.0/props.png>
</Users/malcolm/scratch/make_crys/Snowman-5.0-0.637556-1.637556/order/000000110
0.png, id=642, 602.25pt x 602.25pt>
<use /Users/malcolm/scratch/make_crys/Snowman-5.0-0.637556-1.637556/order/00000
01100.png>
</Users/malcolm/scratch/make_crys/Snowman-5.0-0.637556-1.637556/order/000000115
0.png, id=643, 602.25pt x 602.25pt>
<use /Users/malcolm/scratch/make_crys/Snowman-5.0-0.637556-1.637556/order/00000
01150.png>
Overfull \hbox (2.61107pt too wide) in paragraph at lines 5402--5412
[]$[]$ $[]$ 

Overfull \hbox (20.23589pt too wide) in paragraph at lines 5342--5413
[]$[]$ $[]$

Overfull \hbox (2.61107pt too wide) in paragraph at lines 5342--5413
[]$ $[]$

Overfull \hbox (2.61107pt too wide) in paragraph at lines 5342--5413
[]$ $[]$ 
[149] [150]
</Users/malcolm/scratch/make_crys/Snowman-5.0-0.637556-1.637556/short_order.png
, id=651, 602.25pt x 602.25pt>
<use /Users/malcolm/scratch/make_crys/Snowman-5.0-0.637556-1.637556/short_order
.png>
</Users/malcolm/scratch/make_crys/Snowman-5.0-0.637556-1.637556/msd.png, id=652
, 602.25pt x 602.25pt>
<use /Users/malcolm/scratch/make_crys/Snowman-5.0-0.637556-1.637556/msd.png>
</Users/malcolm/scratch/make_crys/Snowman-5.0-0.637556-1.637556/rotation.png, i
d=653, 602.25pt x 602.25pt>
<use /Users/malcolm/scratch/make_crys/Snowman-5.0-0.637556-1.637556/rotation.pn
g>
</Users/malcolm/scratch/make_crys/Snowman-5.0-0.637556-1.637556/histogram.png, 
id=654, 481.8pt x 361.35pt>
<use /Users/malcolm/scratch/make_crys/Snowman-5.0-0.637556-1.637556/histogram.p
ng>
</Users/malcolm/scratch/make_crys/Snowman-5.0-0.637556-1.637556/props.png, id=6
55, 602.25pt x 602.25pt>
<use /Users/malcolm/scratch/make_crys/Snowman-5.0-0.637556-1.637556/props.png>
<use /Users/malcolm/scratch/make_crys/Snowman-5.0-0.637556-1.637556/order/00000
01100.png>
<use /Users/malcolm/scratch/make_crys/Snowman-5.0-0.637556-1.637556/order/00000
01150.png>
Overfull \hbox (2.61107pt too wide) in paragraph at lines 5474--5484
[]$[]$ $[]$ 

Overfull \hbox (20.23589pt too wide) in paragraph at lines 5414--5485
[]$[]$ $[]$

Overfull \hbox (2.61107pt too wide) in paragraph at lines 5414--5485
[]$ $[]$

Overfull \hbox (2.61107pt too wide) in paragraph at lines 5414--5485
[]$ $[]$ 
[151 </Users/malcolm/scratch/make_crys/Snowman-5.0-0.637556-1.637556/order/0000
001100.png> </Users/malcolm/scratch/make_crys/Snowman-5.0-0.637556-1.637556/ord
er/0000001150.png> </Users/malcolm/scratch/make_crys/Snowman-5.0-0.637556-1.637
556/short_order.png> </Users/malcolm/scratch/make_crys/Snowman-5.0-0.637556-1.6
37556/msd.png (PNG copy)>] [152 </Users/malcolm/scratch/make_crys/Snowman-5.0-0
.637556-1.637556/rotation.png (PNG copy)> </Users/malcolm/scratch/make_crys/Sno
wman-5.0-0.637556-1.637556/histogram.png> </Users/malcolm/scratch/make_crys/Sno
wman-5.0-0.637556-1.637556/props.png (PNG copy)>]
<use /Users/malcolm/scratch/make_crys/Snowman-5.0-0.637556-1.637556/short_order
.png>
<use /Users/malcolm/scratch/make_crys/Snowman-5.0-0.637556-1.637556/msd.png>
<use /Users/malcolm/scratch/make_crys/Snowman-5.0-0.637556-1.637556/rotation.pn
g>
<use /Users/malcolm/scratch/make_crys/Snowman-5.0-0.637556-1.637556/histogram.p
ng>
<use /Users/malcolm/scratch/make_crys/Snowman-5.0-0.637556-1.637556/props.png>
<use /Users/malcolm/scratch/make_crys/Snowman-5.0-0.637556-1.637556/order/00000
01100.png>
<use /Users/malcolm/scratch/make_crys/Snowman-5.0-0.637556-1.637556/order/00000
01150.png>
Overfull \hbox (2.61107pt too wide) in paragraph at lines 5546--5556
[]$[]$ $[]$ 

Overfull \hbox (20.23589pt too wide) in paragraph at lines 5486--5557
[]$[]$ $[]$

Overfull \hbox (2.61107pt too wide) in paragraph at lines 5486--5557
[]$ $[]$

Overfull \hbox (2.61107pt too wide) in paragraph at lines 5486--5557
[]$ $[]$ 
[153] [154]
<use /Users/malcolm/scratch/make_crys/Snowman-5.0-0.637556-1.637556/short_order
.png>
<use /Users/malcolm/scratch/make_crys/Snowman-5.0-0.637556-1.637556/msd.png>
<use /Users/malcolm/scratch/make_crys/Snowman-5.0-0.637556-1.637556/rotation.pn
g>
<use /Users/malcolm/scratch/make_crys/Snowman-5.0-0.637556-1.637556/histogram.p
ng>
<use /Users/malcolm/scratch/make_crys/Snowman-5.0-0.637556-1.637556/props.png>
<use /Users/malcolm/scratch/make_crys/Snowman-5.0-0.637556-1.637556/order/00000
01100.png>
<use /Users/malcolm/scratch/make_crys/Snowman-5.0-0.637556-1.637556/order/00000
01150.png>
Overfull \hbox (2.61107pt too wide) in paragraph at lines 5618--5628
[]$[]$ $[]$ 

Overfull \hbox (20.23589pt too wide) in paragraph at lines 5558--5629
[]$[]$ $[]$

Overfull \hbox (2.61107pt too wide) in paragraph at lines 5558--5629
[]$ $[]$

Overfull \hbox (2.61107pt too wide) in paragraph at lines 5558--5629
[]$ $[]$ 
[155] [156]
<use /Users/malcolm/scratch/make_crys/Snowman-5.0-0.637556-1.637556/short_order
.png>
<use /Users/malcolm/scratch/make_crys/Snowman-5.0-0.637556-1.637556/msd.png>
<use /Users/malcolm/scratch/make_crys/Snowman-5.0-0.637556-1.637556/rotation.pn
g>
<use /Users/malcolm/scratch/make_crys/Snowman-5.0-0.637556-1.637556/histogram.p
ng>
<use /Users/malcolm/scratch/make_crys/Snowman-5.0-0.637556-1.637556/props.png>
<use /Users/malcolm/scratch/make_crys/Snowman-5.0-0.637556-1.637556/order/00000
01100.png>
<use /Users/malcolm/scratch/make_crys/Snowman-5.0-0.637556-1.637556/order/00000
01150.png>
Overfull \hbox (2.61107pt too wide) in paragraph at lines 5690--5700
[]$[]$ $[]$ 

Overfull \hbox (20.23589pt too wide) in paragraph at lines 5630--5701
[]$[]$ $[]$

Overfull \hbox (2.61107pt too wide) in paragraph at lines 5630--5701
[]$ $[]$

Overfull \hbox (2.61107pt too wide) in paragraph at lines 5630--5701
[]$ $[]$ 
[157] [158]
<use /Users/malcolm/scratch/make_crys/Snowman-5.0-0.637556-1.637556/short_order
.png>
<use /Users/malcolm/scratch/make_crys/Snowman-5.0-0.637556-1.637556/msd.png>
<use /Users/malcolm/scratch/make_crys/Snowman-5.0-0.637556-1.637556/rotation.pn
g>
<use /Users/malcolm/scratch/make_crys/Snowman-5.0-0.637556-1.637556/histogram.p
ng>
<use /Users/malcolm/scratch/make_crys/Snowman-5.0-0.637556-1.637556/props.png>)

Overfull \hbox (20.23589pt too wide) in paragraph at lines 5702--25
[]$[]$ $[]$

Overfull \hbox (2.61107pt too wide) in paragraph at lines 5702--25
[]$ $[]$

Overfull \hbox (2.61107pt too wide) in paragraph at lines 5702--25
[]$ $[]$

Underfull \hbox (badness 10000) in paragraph at lines 5702--25

[159] [160] (./present.aux) )
(see the transcript file for additional information)</usr/local/texlive/2014/te
xmf-dist/fonts/type1/public/amsfonts/cm/cmmi12.pfb></usr/local/texlive/2014/tex
mf-dist/fonts/type1/public/amsfonts/cm/cmr10.pfb></usr/local/texlive/2014/texmf
-dist/fonts/type1/public/amsfonts/cm/cmr12.pfb>
Output written on present.pdf (160 pages, 26822081 bytes).
Transcript written on present.log.
